


 CLUSTAL 2.1 Multiple Sequence Alignments


Sequence format is Pearson
Sequence 1: lcl|XM_518463.3_cdsid_XP_518463.2        2058 bp
Sequence 2: lcl|XM_003833312.1_cdsid_XP_003833360.1  2004 bp
Sequence 3: lcl|XM_004043991.1_cdsid_XP_004044039.1  2004 bp
Sequence 4: lcl|XM_002816867.2_cdsid_XP_002816913.1  2043 bp
Sequence 5: lcl|XM_003266293.1_cdsid_XP_003266341.1  2004 bp
Sequence 6: lcl|XM_005553053.1_cdsid_XP_005553110.1  2004 bp
Sequence 7: lcl|NM_001266091.1_cdsid_NP_001253020.1  2043 bp
Sequence 8: lcl|XM_003922988.1_cdsid_XP_003923037.1  2004 bp
Start of Pairwise alignments
Aligning...

Sequences (1:2) Aligned. Score:  98
Sequences (1:3) Aligned. Score:  97
Sequences (1:4) Aligned. Score:  97
Sequences (1:5) Aligned. Score:  97
Sequences (1:6) Aligned. Score:  96
Sequences (1:7) Aligned. Score:  96
Sequences (1:8) Aligned. Score:  96
Sequences (2:3) Aligned. Score:  99
Sequences (2:4) Aligned. Score:  98
Sequences (2:5) Aligned. Score:  98
Sequences (2:6) Aligned. Score:  97
Sequences (2:7) Aligned. Score:  97
Sequences (2:8) Aligned. Score:  97
Sequences (3:4) Aligned. Score:  98
Sequences (3:5) Aligned. Score:  98
Sequences (3:6) Aligned. Score:  98
Sequences (3:7) Aligned. Score:  97
Sequences (3:8) Aligned. Score:  96
Sequences (4:5) Aligned. Score:  98
Sequences (4:6) Aligned. Score:  98
Sequences (4:7) Aligned. Score:  98
Sequences (4:8) Aligned. Score:  97
Sequences (5:6) Aligned. Score:  98
Sequences (5:7) Aligned. Score:  98
Sequences (5:8) Aligned. Score:  96
Sequences (6:7) Aligned. Score:  99
Sequences (6:8) Aligned. Score:  96
Sequences (7:8) Aligned. Score:  96
Guide tree file created:   [foxp4_ortho.dnd]

There are 7 groups
Start of Multiple Alignment

Aligning...
Group 1: Sequences:   2      Score:37737
Group 2: Sequences:   2      Score:37091
Group 3: Sequences:   3      Score:37148
Group 4: Sequences:   4      Score:37047
Group 5: Sequences:   5      Score:37481
Group 6: Sequences:   7      Score:37220
Group 7: Sequences:   8      Score:36779
Alignment Score 440506

CLUSTAL-Alignment file created  [foxp4_ortho.aln]

