../utils/randtree/randtree foxp4_ortho.fa
./mavid ./mavid.ph foxp4_ortho.fa

*******************************************************
*                                                     *
*                  Welcome to MAVID.                  *
*                  (version 2.0, build 4)             *
*                                                     *
*******************************************************


Aligning 1 versus 1
Aligning [0,2003] to [0,2057]
Aligning 1 versus 2
Aligning [0,2003] to [0,2058]
Aligning 1 versus 1
Aligning [0,2003] to [0,2042]
Aligning 1 versus 1
Aligning [0,2003] to [0,2003]
Aligning 1 versus 2
Aligning [0,2042] to [0,2003]
Aligning 2 versus 3
Aligning [0,2042] to [0,2042]
Aligning 3 versus 5
Aligning [0,2058] to [0,2042]
MAVID worked!

clustalw2 ./mavid.mfa -tree



 CLUSTAL 2.1 Multiple Sequence Alignments


Sequence format is Pearson
Sequence 1: lcl|XM_004043991.1_cdsid_XP_004044039.1  2059 bp
Sequence 2: lcl|XM_005553053.1_cdsid_XP_005553110.1  2059 bp
Sequence 3: lcl|XM_518463.3_cdsid_XP_518463.2        2059 bp
Sequence 4: lcl|XM_003266293.1_cdsid_XP_003266341.1  2059 bp
Sequence 5: lcl|NM_001266091.1_cdsid_NP_001253020.1  2059 bp
Sequence 6: lcl|XM_002816867.2_cdsid_XP_002816913.1  2059 bp
Sequence 7: lcl|XM_003833312.1_cdsid_XP_003833360.1  2059 bp
Sequence 8: lcl|XM_003922988.1_cdsid_XP_003923037.1  2059 bp

Phylogenetic tree file created:   [./mavid.ph]

../utils/root_tree/root_tree ./mavid.ph
./mavid ./mavid.ph foxp4_ortho.fa

*******************************************************
*                                                     *
*                  Welcome to MAVID.                  *
*                  (version 2.0, build 4)             *
*                                                     *
*******************************************************


Aligning 1 versus 1
Aligning [0,2003] to [0,2042]
Aligning 1 versus 1
Aligning [0,2057] to [0,2003]
Aligning 1 versus 2
Aligning [0,2003] to [0,2003]
Aligning 3 versus 1
Aligning [0,2003] to [0,2042]
Aligning 1 versus 4
Aligning [0,2003] to [0,2042]
Aligning 2 versus 5
Aligning [0,2042] to [0,2042]
Aligning 1 versus 7
Aligning [0,2003] to [0,2042]
MAVID worked!

clustalw2 ./mavid.mfa -tree



 CLUSTAL 2.1 Multiple Sequence Alignments


Sequence format is Pearson
Sequence 1: lcl|XM_003922988.1_cdsid_XP_003923037.1  2098 bp
Sequence 2: lcl|XM_005553053.1_cdsid_XP_005553110.1  2098 bp
Sequence 3: lcl|NM_001266091.1_cdsid_NP_001253020.1  2098 bp
Sequence 4: lcl|XM_003266293.1_cdsid_XP_003266341.1  2098 bp
Sequence 5: lcl|XM_004043991.1_cdsid_XP_004044039.1  2098 bp
Sequence 6: lcl|XM_518463.3_cdsid_XP_518463.2        2098 bp
Sequence 7: lcl|XM_003833312.1_cdsid_XP_003833360.1  2098 bp
Sequence 8: lcl|XM_002816867.2_cdsid_XP_002816913.1  2098 bp

Phylogenetic tree file created:   [./mavid.ph]

../utils/root_tree/root_tree ./mavid.ph
