

*******************************************************************************
Tue Dec 17 13:22:13 2013


FIT:    data read from 'contigs_taux.dat' u 1:2
        format = x:z
	y range restricted to [-25.0000 : 375.000]
        #datapoints = 346
        residuals are weighted equally (unit weight)

function used for fitting: f(x)
fitted parameters initialized with current variable values



 Iteration 0
 WSSR        : 633285            delta(WSSR)/WSSR   : 0
 delta(WSSR) : 0                 limit for stopping : 1e-05
 lambda	  : 1

initial set of free parameter values

mean_y          = 1

After 3 iterations the fit converged.
final sum of squares of residuals : 24020.6
rel. change during last iteration : -1.75987e-13

degrees of freedom    (FIT_NDF)                        : 345
rms of residuals      (FIT_STDFIT) = sqrt(WSSR/ndf)    : 8.34416
variance of residuals (reduced chisquare) = WSSR/ndf   : 69.625

Final set of parameters            Asymptotic Standard Error
=======================            ==========================

mean_y          = 42.9628          +/- 0.4486       (1.044%)


correlation matrix of the fit parameters:

               mean_y 
mean_y          1.000 


*******************************************************************************
Tue Dec 17 13:22:13 2013


FIT:    data read from 'contigs_taille.dat' u 1:2
        format = x:z
	y range restricted to [-25.0000 : 375.000]
        #datapoints = 346
        residuals are weighted equally (unit weight)

function used for fitting: f(x)
fitted parameters initialized with current variable values



 Iteration 0
 WSSR        : 4.46728e+06       delta(WSSR)/WSSR   : 0
 delta(WSSR) : 0                 limit for stopping : 1e-05
 lambda	  : 1

initial set of free parameter values

mean_y          = 1

After 3 iterations the fit converged.
final sum of squares of residuals : 418344
rel. change during last iteration : -6.85951e-14

degrees of freedom    (FIT_NDF)                        : 345
rms of residuals      (FIT_STDFIT) = sqrt(WSSR/ndf)    : 34.8223
variance of residuals (reduced chisquare) = WSSR/ndf   : 1212.59

Final set of parameters            Asymptotic Standard Error
=======================            ==========================

mean_y          = 109.176          +/- 1.872        (1.715%)


correlation matrix of the fit parameters:

               mean_y 
mean_y          1.000 
