

*******************************************************************************
Fri Nov 22 11:53:18 2013


FIT:    data read from 'contigs_taux.dat' u 1:2
        format = x:z
        #datapoints = 346
        residuals are weighted equally (unit weight)

function used for fitting: f(x)
fitted parameters initialized with current variable values



*******************************************************************************
Fri Nov 22 11:53:50 2013


FIT:    data read from 'contigs_taux.dat' u 1:2
        format = x:z
        #datapoints = 346
        residuals are weighted equally (unit weight)

function used for fitting: f(x)
fitted parameters initialized with current variable values



 Iteration 0
 WSSR        : 633285            delta(WSSR)/WSSR   : 0
 delta(WSSR) : 0                 limit for stopping : 1e-05
 lambda	  : 1

initial set of free parameter values

mean_y          = 1

After 3 iterations the fit converged.
final sum of squares of residuals : 24020.6
rel. change during last iteration : -1.75987e-13

degrees of freedom    (FIT_NDF)                        : 345
rms of residuals      (FIT_STDFIT) = sqrt(WSSR/ndf)    : 8.34416
variance of residuals (reduced chisquare) = WSSR/ndf   : 69.625

Final set of parameters            Asymptotic Standard Error
=======================            ==========================

mean_y          = 42.9628          +/- 0.4486       (1.044%)


correlation matrix of the fit parameters:

               mean_y 
mean_y          1.000 


*******************************************************************************
Fri Nov 22 11:57:19 2013


FIT:    data read from 'contigs_taux.dat' u 1:2
        format = x:z
        #datapoints = 346
        residuals are weighted equally (unit weight)

function used for fitting: f(x)
fitted parameters initialized with current variable values



 Iteration 0
 WSSR        : 633285            delta(WSSR)/WSSR   : 0
 delta(WSSR) : 0                 limit for stopping : 1e-05
 lambda	  : 1

initial set of free parameter values

mean_y          = 1

After 3 iterations the fit converged.
final sum of squares of residuals : 24020.6
rel. change during last iteration : -1.75987e-13

degrees of freedom    (FIT_NDF)                        : 345
rms of residuals      (FIT_STDFIT) = sqrt(WSSR/ndf)    : 8.34416
variance of residuals (reduced chisquare) = WSSR/ndf   : 69.625

Final set of parameters            Asymptotic Standard Error
=======================            ==========================

mean_y          = 42.9628          +/- 0.4486       (1.044%)


correlation matrix of the fit parameters:

               mean_y 
mean_y          1.000 


*******************************************************************************
Fri Nov 22 11:58:00 2013


FIT:    data read from 'contigs_taux.dat' u 1:2
        format = x:z
        #datapoints = 346
        residuals are weighted equally (unit weight)

function used for fitting: f(x)
fitted parameters initialized with current variable values



 Iteration 0
 WSSR        : 633285            delta(WSSR)/WSSR   : 0
 delta(WSSR) : 0                 limit for stopping : 1e-05
 lambda	  : 1

initial set of free parameter values

mean_y          = 1

After 3 iterations the fit converged.
final sum of squares of residuals : 24020.6
rel. change during last iteration : -1.75987e-13

degrees of freedom    (FIT_NDF)                        : 345
rms of residuals      (FIT_STDFIT) = sqrt(WSSR/ndf)    : 8.34416
variance of residuals (reduced chisquare) = WSSR/ndf   : 69.625

Final set of parameters            Asymptotic Standard Error
=======================            ==========================

mean_y          = 42.9628          +/- 0.4486       (1.044%)


correlation matrix of the fit parameters:

               mean_y 
mean_y          1.000 


*******************************************************************************
Fri Nov 22 11:58:21 2013


FIT:    data read from 'contigs_taux.dat' u 1:2
        format = x:z
        #datapoints = 346
        residuals are weighted equally (unit weight)

function used for fitting: f(x)
fitted parameters initialized with current variable values



 Iteration 0
 WSSR        : 633285            delta(WSSR)/WSSR   : 0
 delta(WSSR) : 0                 limit for stopping : 1e-05
 lambda	  : 1

initial set of free parameter values

mean_y          = 1

After 3 iterations the fit converged.
final sum of squares of residuals : 24020.6
rel. change during last iteration : -1.75987e-13

degrees of freedom    (FIT_NDF)                        : 345
rms of residuals      (FIT_STDFIT) = sqrt(WSSR/ndf)    : 8.34416
variance of residuals (reduced chisquare) = WSSR/ndf   : 69.625

Final set of parameters            Asymptotic Standard Error
=======================            ==========================

mean_y          = 42.9628          +/- 0.4486       (1.044%)


correlation matrix of the fit parameters:

               mean_y 
mean_y          1.000 


*******************************************************************************
Fri Nov 22 12:01:11 2013


FIT:    data read from 'contigs_taux.dat' u 1:2
        format = x:z
        #datapoints = 346
        residuals are weighted equally (unit weight)

function used for fitting: f(x)
fitted parameters initialized with current variable values



 Iteration 0
 WSSR        : 633285            delta(WSSR)/WSSR   : 0
 delta(WSSR) : 0                 limit for stopping : 1e-05
 lambda	  : 1

initial set of free parameter values

mean_y          = 1

After 3 iterations the fit converged.
final sum of squares of residuals : 24020.6
rel. change during last iteration : -1.75987e-13

degrees of freedom    (FIT_NDF)                        : 345
rms of residuals      (FIT_STDFIT) = sqrt(WSSR/ndf)    : 8.34416
variance of residuals (reduced chisquare) = WSSR/ndf   : 69.625

Final set of parameters            Asymptotic Standard Error
=======================            ==========================

mean_y          = 42.9628          +/- 0.4486       (1.044%)


correlation matrix of the fit parameters:

               mean_y 
mean_y          1.000 


*******************************************************************************
Sun Nov 24 10:33:42 2013


FIT:    data read from 'contigs_taux.dat' u 1:2
        format = x:z
	y range restricted to [-25.0000 : 375.000]
        #datapoints = 346
        residuals are weighted equally (unit weight)

function used for fitting: f(x)
fitted parameters initialized with current variable values



 Iteration 0
 WSSR        : 633285            delta(WSSR)/WSSR   : 0
 delta(WSSR) : 0                 limit for stopping : 1e-05
 lambda	  : 1

initial set of free parameter values

mean_y          = 1

After 3 iterations the fit converged.
final sum of squares of residuals : 24020.6
rel. change during last iteration : -1.75987e-13

degrees of freedom    (FIT_NDF)                        : 345
rms of residuals      (FIT_STDFIT) = sqrt(WSSR/ndf)    : 8.34416
variance of residuals (reduced chisquare) = WSSR/ndf   : 69.625

Final set of parameters            Asymptotic Standard Error
=======================            ==========================

mean_y          = 42.9628          +/- 0.4486       (1.044%)


correlation matrix of the fit parameters:

               mean_y 
mean_y          1.000 


*******************************************************************************
Sun Nov 24 15:54:00 2013


FIT:    data read from 'contigs_taux.dat' u 1:2
        format = x:z
	y range restricted to [-25.0000 : 375.000]
        #datapoints = 346
        residuals are weighted equally (unit weight)

function used for fitting: f(x)
fitted parameters initialized with current variable values



 Iteration 0
 WSSR        : 633285            delta(WSSR)/WSSR   : 0
 delta(WSSR) : 0                 limit for stopping : 1e-05
 lambda	  : 1

initial set of free parameter values

mean_y          = 1

After 3 iterations the fit converged.
final sum of squares of residuals : 24020.6
rel. change during last iteration : -1.75987e-13

degrees of freedom    (FIT_NDF)                        : 345
rms of residuals      (FIT_STDFIT) = sqrt(WSSR/ndf)    : 8.34416
variance of residuals (reduced chisquare) = WSSR/ndf   : 69.625

Final set of parameters            Asymptotic Standard Error
=======================            ==========================

mean_y          = 42.9628          +/- 0.4486       (1.044%)


correlation matrix of the fit parameters:

               mean_y 
mean_y          1.000 


*******************************************************************************
Sun Nov 24 15:54:01 2013


FIT:    data read from 'contigs_taille.dat' u 1:2
        format = x:z
	y range restricted to [-25.0000 : 375.000]
        #datapoints = 346
        residuals are weighted equally (unit weight)

function used for fitting: f(x)
fitted parameters initialized with current variable values



 Iteration 0
 WSSR        : 4.46728e+06       delta(WSSR)/WSSR   : 0
 delta(WSSR) : 0                 limit for stopping : 1e-05
 lambda	  : 1

initial set of free parameter values

mean_y          = 1

After 3 iterations the fit converged.
final sum of squares of residuals : 418344
rel. change during last iteration : -6.85951e-14

degrees of freedom    (FIT_NDF)                        : 345
rms of residuals      (FIT_STDFIT) = sqrt(WSSR/ndf)    : 34.8223
variance of residuals (reduced chisquare) = WSSR/ndf   : 1212.59

Final set of parameters            Asymptotic Standard Error
=======================            ==========================

mean_y          = 109.176          +/- 1.872        (1.715%)


correlation matrix of the fit parameters:

               mean_y 
mean_y          1.000 


*******************************************************************************
Sun Nov 24 15:57:00 2013


FIT:    data read from 'contigs_taux.dat' u 1:2
        format = x:z
	y range restricted to [-25.0000 : 375.000]
        #datapoints = 346
        residuals are weighted equally (unit weight)

function used for fitting: f(x)
fitted parameters initialized with current variable values



 Iteration 0
 WSSR        : 633285            delta(WSSR)/WSSR   : 0
 delta(WSSR) : 0                 limit for stopping : 1e-05
 lambda	  : 1

initial set of free parameter values

mean_y          = 1

After 3 iterations the fit converged.
final sum of squares of residuals : 24020.6
rel. change during last iteration : -1.75987e-13

degrees of freedom    (FIT_NDF)                        : 345
rms of residuals      (FIT_STDFIT) = sqrt(WSSR/ndf)    : 8.34416
variance of residuals (reduced chisquare) = WSSR/ndf   : 69.625

Final set of parameters            Asymptotic Standard Error
=======================            ==========================

mean_y          = 42.9628          +/- 0.4486       (1.044%)


correlation matrix of the fit parameters:

               mean_y 
mean_y          1.000 


*******************************************************************************
Sun Nov 24 15:57:01 2013


FIT:    data read from 'contigs_taille.dat' u 1:2
        format = x:z
	y range restricted to [-25.0000 : 375.000]
        #datapoints = 346
        residuals are weighted equally (unit weight)

function used for fitting: f(x)
fitted parameters initialized with current variable values



 Iteration 0
 WSSR        : 4.46728e+06       delta(WSSR)/WSSR   : 0
 delta(WSSR) : 0                 limit for stopping : 1e-05
 lambda	  : 1

initial set of free parameter values

mean_y          = 1

After 3 iterations the fit converged.
final sum of squares of residuals : 418344
rel. change during last iteration : -6.85951e-14

degrees of freedom    (FIT_NDF)                        : 345
rms of residuals      (FIT_STDFIT) = sqrt(WSSR/ndf)    : 34.8223
variance of residuals (reduced chisquare) = WSSR/ndf   : 1212.59

Final set of parameters            Asymptotic Standard Error
=======================            ==========================

mean_y          = 109.176          +/- 1.872        (1.715%)


correlation matrix of the fit parameters:

               mean_y 
mean_y          1.000 


*******************************************************************************
Sun Nov 24 15:57:17 2013


FIT:    data read from 'contigs_taux.dat' u 1:2
        format = x:z
	y range restricted to [-25.0000 : 375.000]
        #datapoints = 346
        residuals are weighted equally (unit weight)

function used for fitting: f(x)
fitted parameters initialized with current variable values



 Iteration 0
 WSSR        : 633285            delta(WSSR)/WSSR   : 0
 delta(WSSR) : 0                 limit for stopping : 1e-05
 lambda	  : 1

initial set of free parameter values

mean_y          = 1

After 3 iterations the fit converged.
final sum of squares of residuals : 24020.6
rel. change during last iteration : -1.75987e-13

degrees of freedom    (FIT_NDF)                        : 345
rms of residuals      (FIT_STDFIT) = sqrt(WSSR/ndf)    : 8.34416
variance of residuals (reduced chisquare) = WSSR/ndf   : 69.625

Final set of parameters            Asymptotic Standard Error
=======================            ==========================

mean_y          = 42.9628          +/- 0.4486       (1.044%)


correlation matrix of the fit parameters:

               mean_y 
mean_y          1.000 


*******************************************************************************
Sun Nov 24 15:57:18 2013


FIT:    data read from 'contigs_taille.dat' u 1:2
        format = x:z
	y range restricted to [-25.0000 : 375.000]
        #datapoints = 346
        residuals are weighted equally (unit weight)

function used for fitting: f(x)
fitted parameters initialized with current variable values



 Iteration 0
 WSSR        : 4.46728e+06       delta(WSSR)/WSSR   : 0
 delta(WSSR) : 0                 limit for stopping : 1e-05
 lambda	  : 1

initial set of free parameter values

mean_y          = 1

After 3 iterations the fit converged.
final sum of squares of residuals : 418344
rel. change during last iteration : -6.85951e-14

degrees of freedom    (FIT_NDF)                        : 345
rms of residuals      (FIT_STDFIT) = sqrt(WSSR/ndf)    : 34.8223
variance of residuals (reduced chisquare) = WSSR/ndf   : 1212.59

Final set of parameters            Asymptotic Standard Error
=======================            ==========================

mean_y          = 109.176          +/- 1.872        (1.715%)


correlation matrix of the fit parameters:

               mean_y 
mean_y          1.000 


*******************************************************************************
Sun Nov 24 16:30:31 2013


FIT:    data read from 'contigs_taux.dat' u 1:2
        format = x:z
	y range restricted to [-25.0000 : 375.000]
        #datapoints = 346
        residuals are weighted equally (unit weight)

function used for fitting: f(x)
fitted parameters initialized with current variable values



 Iteration 0
 WSSR        : 633285            delta(WSSR)/WSSR   : 0
 delta(WSSR) : 0                 limit for stopping : 1e-05
 lambda	  : 1

initial set of free parameter values

mean_y          = 1

After 3 iterations the fit converged.
final sum of squares of residuals : 24020.6
rel. change during last iteration : -1.75987e-13

degrees of freedom    (FIT_NDF)                        : 345
rms of residuals      (FIT_STDFIT) = sqrt(WSSR/ndf)    : 8.34416
variance of residuals (reduced chisquare) = WSSR/ndf   : 69.625

Final set of parameters            Asymptotic Standard Error
=======================            ==========================

mean_y          = 42.9628          +/- 0.4486       (1.044%)


correlation matrix of the fit parameters:

               mean_y 
mean_y          1.000 


*******************************************************************************
Sun Nov 24 16:30:31 2013


FIT:    data read from 'contigs_taille.dat' u 1:2
        format = x:z
	y range restricted to [-25.0000 : 375.000]
        #datapoints = 346
        residuals are weighted equally (unit weight)

function used for fitting: f(x)
fitted parameters initialized with current variable values



 Iteration 0
 WSSR        : 4.46728e+06       delta(WSSR)/WSSR   : 0
 delta(WSSR) : 0                 limit for stopping : 1e-05
 lambda	  : 1

initial set of free parameter values

mean_y          = 1

After 3 iterations the fit converged.
final sum of squares of residuals : 418344
rel. change during last iteration : -6.85951e-14

degrees of freedom    (FIT_NDF)                        : 345
rms of residuals      (FIT_STDFIT) = sqrt(WSSR/ndf)    : 34.8223
variance of residuals (reduced chisquare) = WSSR/ndf   : 1212.59

Final set of parameters            Asymptotic Standard Error
=======================            ==========================

mean_y          = 109.176          +/- 1.872        (1.715%)


correlation matrix of the fit parameters:

               mean_y 
mean_y          1.000 


*******************************************************************************
Sun Nov 24 16:30:58 2013


FIT:    data read from 'contigs_taux.dat' u 1:2
        format = x:z
	y range restricted to [-25.0000 : 375.000]
        #datapoints = 346
        residuals are weighted equally (unit weight)

function used for fitting: f(x)
fitted parameters initialized with current variable values



 Iteration 0
 WSSR        : 633285            delta(WSSR)/WSSR   : 0
 delta(WSSR) : 0                 limit for stopping : 1e-05
 lambda	  : 1

initial set of free parameter values

mean_y          = 1

After 3 iterations the fit converged.
final sum of squares of residuals : 24020.6
rel. change during last iteration : -1.75987e-13

degrees of freedom    (FIT_NDF)                        : 345
rms of residuals      (FIT_STDFIT) = sqrt(WSSR/ndf)    : 8.34416
variance of residuals (reduced chisquare) = WSSR/ndf   : 69.625

Final set of parameters            Asymptotic Standard Error
=======================            ==========================

mean_y          = 42.9628          +/- 0.4486       (1.044%)


correlation matrix of the fit parameters:

               mean_y 
mean_y          1.000 


*******************************************************************************
Sun Nov 24 16:30:59 2013


FIT:    data read from 'contigs_taille.dat' u 1:2
        format = x:z
	y range restricted to [-25.0000 : 375.000]
        #datapoints = 346
        residuals are weighted equally (unit weight)

function used for fitting: f(x)
fitted parameters initialized with current variable values



 Iteration 0
 WSSR        : 4.46728e+06       delta(WSSR)/WSSR   : 0
 delta(WSSR) : 0                 limit for stopping : 1e-05
 lambda	  : 1

initial set of free parameter values

mean_y          = 1

After 3 iterations the fit converged.
final sum of squares of residuals : 418344
rel. change during last iteration : -6.85951e-14

degrees of freedom    (FIT_NDF)                        : 345
rms of residuals      (FIT_STDFIT) = sqrt(WSSR/ndf)    : 34.8223
variance of residuals (reduced chisquare) = WSSR/ndf   : 1212.59

Final set of parameters            Asymptotic Standard Error
=======================            ==========================

mean_y          = 109.176          +/- 1.872        (1.715%)


correlation matrix of the fit parameters:

               mean_y 
mean_y          1.000 


*******************************************************************************
Sun Nov 24 16:31:26 2013


FIT:    data read from 'contigs_taux.dat' u 1:2
        format = x:z
	y range restricted to [-25.0000 : 375.000]
        #datapoints = 346
        residuals are weighted equally (unit weight)

function used for fitting: f(x)
fitted parameters initialized with current variable values



 Iteration 0
 WSSR        : 633285            delta(WSSR)/WSSR   : 0
 delta(WSSR) : 0                 limit for stopping : 1e-05
 lambda	  : 1

initial set of free parameter values

mean_y          = 1

After 3 iterations the fit converged.
final sum of squares of residuals : 24020.6
rel. change during last iteration : -1.75987e-13

degrees of freedom    (FIT_NDF)                        : 345
rms of residuals      (FIT_STDFIT) = sqrt(WSSR/ndf)    : 8.34416
variance of residuals (reduced chisquare) = WSSR/ndf   : 69.625

Final set of parameters            Asymptotic Standard Error
=======================            ==========================

mean_y          = 42.9628          +/- 0.4486       (1.044%)


correlation matrix of the fit parameters:

               mean_y 
mean_y          1.000 


*******************************************************************************
Sun Nov 24 16:31:27 2013


FIT:    data read from 'contigs_taille.dat' u 1:2
        format = x:z
	y range restricted to [-25.0000 : 375.000]
        #datapoints = 346
        residuals are weighted equally (unit weight)

function used for fitting: f(x)
fitted parameters initialized with current variable values



 Iteration 0
 WSSR        : 4.46728e+06       delta(WSSR)/WSSR   : 0
 delta(WSSR) : 0                 limit for stopping : 1e-05
 lambda	  : 1

initial set of free parameter values

mean_y          = 1

After 3 iterations the fit converged.
final sum of squares of residuals : 418344
rel. change during last iteration : -6.85951e-14

degrees of freedom    (FIT_NDF)                        : 345
rms of residuals      (FIT_STDFIT) = sqrt(WSSR/ndf)    : 34.8223
variance of residuals (reduced chisquare) = WSSR/ndf   : 1212.59

Final set of parameters            Asymptotic Standard Error
=======================            ==========================

mean_y          = 109.176          +/- 1.872        (1.715%)


correlation matrix of the fit parameters:

               mean_y 
mean_y          1.000 


*******************************************************************************
Sun Nov 24 16:36:34 2013


FIT:    data read from 'contigs_taux.dat' u 1:2
        format = x:z
	y range restricted to [-25.0000 : 375.000]
        #datapoints = 346
        residuals are weighted equally (unit weight)

function used for fitting: f(x)
fitted parameters initialized with current variable values



 Iteration 0
 WSSR        : 633285            delta(WSSR)/WSSR   : 0
 delta(WSSR) : 0                 limit for stopping : 1e-05
 lambda	  : 1

initial set of free parameter values

mean_y          = 1

After 3 iterations the fit converged.
final sum of squares of residuals : 24020.6
rel. change during last iteration : -1.75987e-13

degrees of freedom    (FIT_NDF)                        : 345
rms of residuals      (FIT_STDFIT) = sqrt(WSSR/ndf)    : 8.34416
variance of residuals (reduced chisquare) = WSSR/ndf   : 69.625

Final set of parameters            Asymptotic Standard Error
=======================            ==========================

mean_y          = 42.9628          +/- 0.4486       (1.044%)


correlation matrix of the fit parameters:

               mean_y 
mean_y          1.000 


*******************************************************************************
Sun Nov 24 16:36:35 2013


FIT:    data read from 'contigs_taille.dat' u 1:2
        format = x:z
	y range restricted to [-25.0000 : 375.000]
        #datapoints = 346
        residuals are weighted equally (unit weight)

function used for fitting: f(x)
fitted parameters initialized with current variable values



 Iteration 0
 WSSR        : 4.46728e+06       delta(WSSR)/WSSR   : 0
 delta(WSSR) : 0                 limit for stopping : 1e-05
 lambda	  : 1

initial set of free parameter values

mean_y          = 1

After 3 iterations the fit converged.
final sum of squares of residuals : 418344
rel. change during last iteration : -6.85951e-14

degrees of freedom    (FIT_NDF)                        : 345
rms of residuals      (FIT_STDFIT) = sqrt(WSSR/ndf)    : 34.8223
variance of residuals (reduced chisquare) = WSSR/ndf   : 1212.59

Final set of parameters            Asymptotic Standard Error
=======================            ==========================

mean_y          = 109.176          +/- 1.872        (1.715%)


correlation matrix of the fit parameters:

               mean_y 
mean_y          1.000 


*******************************************************************************
Sun Nov 24 19:06:37 2013


FIT:    data read from 'contigs_taux.dat' u 1:2
        format = x:z
	y range restricted to [-25.0000 : 375.000]
        #datapoints = 346
        residuals are weighted equally (unit weight)

function used for fitting: f(x)
fitted parameters initialized with current variable values



 Iteration 0
 WSSR        : 633285            delta(WSSR)/WSSR   : 0
 delta(WSSR) : 0                 limit for stopping : 1e-05
 lambda	  : 1

initial set of free parameter values

mean_y          = 1

After 3 iterations the fit converged.
final sum of squares of residuals : 24020.6
rel. change during last iteration : -1.75987e-13

degrees of freedom    (FIT_NDF)                        : 345
rms of residuals      (FIT_STDFIT) = sqrt(WSSR/ndf)    : 8.34416
variance of residuals (reduced chisquare) = WSSR/ndf   : 69.625

Final set of parameters            Asymptotic Standard Error
=======================            ==========================

mean_y          = 42.9628          +/- 0.4486       (1.044%)


correlation matrix of the fit parameters:

               mean_y 
mean_y          1.000 


*******************************************************************************
Sun Nov 24 19:06:38 2013


FIT:    data read from 'contigs_taille.dat' u 1:2
        format = x:z
	y range restricted to [-25.0000 : 375.000]
        #datapoints = 346
        residuals are weighted equally (unit weight)

function used for fitting: f(x)
fitted parameters initialized with current variable values



 Iteration 0
 WSSR        : 4.46728e+06       delta(WSSR)/WSSR   : 0
 delta(WSSR) : 0                 limit for stopping : 1e-05
 lambda	  : 1

initial set of free parameter values

mean_y          = 1

After 3 iterations the fit converged.
final sum of squares of residuals : 418344
rel. change during last iteration : -6.85951e-14

degrees of freedom    (FIT_NDF)                        : 345
rms of residuals      (FIT_STDFIT) = sqrt(WSSR/ndf)    : 34.8223
variance of residuals (reduced chisquare) = WSSR/ndf   : 1212.59

Final set of parameters            Asymptotic Standard Error
=======================            ==========================

mean_y          = 109.176          +/- 1.872        (1.715%)


correlation matrix of the fit parameters:

               mean_y 
mean_y          1.000 


*******************************************************************************
Sun Nov 24 19:07:49 2013


FIT:    data read from 'contigs_taux.dat' u 1:2
        format = x:z
	y range restricted to [-25.0000 : 375.000]
        #datapoints = 346
        residuals are weighted equally (unit weight)

function used for fitting: f(x)
fitted parameters initialized with current variable values



 Iteration 0
 WSSR        : 633285            delta(WSSR)/WSSR   : 0
 delta(WSSR) : 0                 limit for stopping : 1e-05
 lambda	  : 1

initial set of free parameter values

mean_y          = 1

After 3 iterations the fit converged.
final sum of squares of residuals : 24020.6
rel. change during last iteration : -1.75987e-13

degrees of freedom    (FIT_NDF)                        : 345
rms of residuals      (FIT_STDFIT) = sqrt(WSSR/ndf)    : 8.34416
variance of residuals (reduced chisquare) = WSSR/ndf   : 69.625

Final set of parameters            Asymptotic Standard Error
=======================            ==========================

mean_y          = 42.9628          +/- 0.4486       (1.044%)


correlation matrix of the fit parameters:

               mean_y 
mean_y          1.000 


*******************************************************************************
Sun Nov 24 19:07:51 2013


FIT:    data read from 'contigs_taille.dat' u 1:2
        format = x:z
	y range restricted to [-25.0000 : 375.000]
        #datapoints = 346
        residuals are weighted equally (unit weight)

function used for fitting: f(x)
fitted parameters initialized with current variable values



 Iteration 0
 WSSR        : 4.46728e+06       delta(WSSR)/WSSR   : 0
 delta(WSSR) : 0                 limit for stopping : 1e-05
 lambda	  : 1

initial set of free parameter values

mean_y          = 1

After 3 iterations the fit converged.
final sum of squares of residuals : 418344
rel. change during last iteration : -6.85951e-14

degrees of freedom    (FIT_NDF)                        : 345
rms of residuals      (FIT_STDFIT) = sqrt(WSSR/ndf)    : 34.8223
variance of residuals (reduced chisquare) = WSSR/ndf   : 1212.59

Final set of parameters            Asymptotic Standard Error
=======================            ==========================

mean_y          = 109.176          +/- 1.872        (1.715%)


correlation matrix of the fit parameters:

               mean_y 
mean_y          1.000 


*******************************************************************************
Sun Nov 24 19:31:45 2013


FIT:    data read from 'contigs_taux.dat' u 1:2
        format = x:z
	y range restricted to [-25.0000 : 375.000]
        #datapoints = 346
        residuals are weighted equally (unit weight)

function used for fitting: f(x)
fitted parameters initialized with current variable values



 Iteration 0
 WSSR        : 633285            delta(WSSR)/WSSR   : 0
 delta(WSSR) : 0                 limit for stopping : 1e-05
 lambda	  : 1

initial set of free parameter values

mean_y          = 1

After 3 iterations the fit converged.
final sum of squares of residuals : 24020.6
rel. change during last iteration : -1.75987e-13

degrees of freedom    (FIT_NDF)                        : 345
rms of residuals      (FIT_STDFIT) = sqrt(WSSR/ndf)    : 8.34416
variance of residuals (reduced chisquare) = WSSR/ndf   : 69.625

Final set of parameters            Asymptotic Standard Error
=======================            ==========================

mean_y          = 42.9628          +/- 0.4486       (1.044%)


correlation matrix of the fit parameters:

               mean_y 
mean_y          1.000 


*******************************************************************************
Sun Nov 24 19:31:46 2013


FIT:    data read from 'contigs_taille.dat' u 1:2
        format = x:z
	y range restricted to [-25.0000 : 375.000]
        #datapoints = 346
        residuals are weighted equally (unit weight)

function used for fitting: f(x)
fitted parameters initialized with current variable values



 Iteration 0
 WSSR        : 4.46728e+06       delta(WSSR)/WSSR   : 0
 delta(WSSR) : 0                 limit for stopping : 1e-05
 lambda	  : 1

initial set of free parameter values

mean_y          = 1

After 3 iterations the fit converged.
final sum of squares of residuals : 418344
rel. change during last iteration : -6.85951e-14

degrees of freedom    (FIT_NDF)                        : 345
rms of residuals      (FIT_STDFIT) = sqrt(WSSR/ndf)    : 34.8223
variance of residuals (reduced chisquare) = WSSR/ndf   : 1212.59

Final set of parameters            Asymptotic Standard Error
=======================            ==========================

mean_y          = 109.176          +/- 1.872        (1.715%)


correlation matrix of the fit parameters:

               mean_y 
mean_y          1.000 


*******************************************************************************
Sun Nov 24 19:42:31 2013


FIT:    data read from 'contigs_taux.dat' u 1:2
        format = x:z
	y range restricted to [-25.0000 : 375.000]
        #datapoints = 346
        residuals are weighted equally (unit weight)

function used for fitting: f(x)
fitted parameters initialized with current variable values



 Iteration 0
 WSSR        : 633285            delta(WSSR)/WSSR   : 0
 delta(WSSR) : 0                 limit for stopping : 1e-05
 lambda	  : 1

initial set of free parameter values

mean_y          = 1

After 3 iterations the fit converged.
final sum of squares of residuals : 24020.6
rel. change during last iteration : -1.75987e-13

degrees of freedom    (FIT_NDF)                        : 345
rms of residuals      (FIT_STDFIT) = sqrt(WSSR/ndf)    : 8.34416
variance of residuals (reduced chisquare) = WSSR/ndf   : 69.625

Final set of parameters            Asymptotic Standard Error
=======================            ==========================

mean_y          = 42.9628          +/- 0.4486       (1.044%)


correlation matrix of the fit parameters:

               mean_y 
mean_y          1.000 


*******************************************************************************
Sun Nov 24 19:42:32 2013


FIT:    data read from 'contigs_taille.dat' u 1:2
        format = x:z
	y range restricted to [-25.0000 : 375.000]
        #datapoints = 346
        residuals are weighted equally (unit weight)

function used for fitting: f(x)
fitted parameters initialized with current variable values



 Iteration 0
 WSSR        : 4.46728e+06       delta(WSSR)/WSSR   : 0
 delta(WSSR) : 0                 limit for stopping : 1e-05
 lambda	  : 1

initial set of free parameter values

mean_y          = 1

After 3 iterations the fit converged.
final sum of squares of residuals : 418344
rel. change during last iteration : -6.85951e-14

degrees of freedom    (FIT_NDF)                        : 345
rms of residuals      (FIT_STDFIT) = sqrt(WSSR/ndf)    : 34.8223
variance of residuals (reduced chisquare) = WSSR/ndf   : 1212.59

Final set of parameters            Asymptotic Standard Error
=======================            ==========================

mean_y          = 109.176          +/- 1.872        (1.715%)


correlation matrix of the fit parameters:

               mean_y 
mean_y          1.000 


*******************************************************************************
Sun Nov 24 19:44:43 2013


FIT:    data read from 'contigs_taux.dat' u 1:2
        format = x:z
	y range restricted to [-25.0000 : 375.000]
        #datapoints = 346
        residuals are weighted equally (unit weight)

function used for fitting: f(x)
fitted parameters initialized with current variable values



 Iteration 0
 WSSR        : 633285            delta(WSSR)/WSSR   : 0
 delta(WSSR) : 0                 limit for stopping : 1e-05
 lambda	  : 1

initial set of free parameter values

mean_y          = 1

After 3 iterations the fit converged.
final sum of squares of residuals : 24020.6
rel. change during last iteration : -1.75987e-13

degrees of freedom    (FIT_NDF)                        : 345
rms of residuals      (FIT_STDFIT) = sqrt(WSSR/ndf)    : 8.34416
variance of residuals (reduced chisquare) = WSSR/ndf   : 69.625

Final set of parameters            Asymptotic Standard Error
=======================            ==========================

mean_y          = 42.9628          +/- 0.4486       (1.044%)


correlation matrix of the fit parameters:

               mean_y 
mean_y          1.000 


*******************************************************************************
Sun Nov 24 19:44:44 2013


FIT:    data read from 'contigs_taille.dat' u 1:2
        format = x:z
	y range restricted to [-25.0000 : 375.000]
        #datapoints = 346
        residuals are weighted equally (unit weight)

function used for fitting: f(x)
fitted parameters initialized with current variable values



 Iteration 0
 WSSR        : 4.46728e+06       delta(WSSR)/WSSR   : 0
 delta(WSSR) : 0                 limit for stopping : 1e-05
 lambda	  : 1

initial set of free parameter values

mean_y          = 1

After 3 iterations the fit converged.
final sum of squares of residuals : 418344
rel. change during last iteration : -6.85951e-14

degrees of freedom    (FIT_NDF)                        : 345
rms of residuals      (FIT_STDFIT) = sqrt(WSSR/ndf)    : 34.8223
variance of residuals (reduced chisquare) = WSSR/ndf   : 1212.59

Final set of parameters            Asymptotic Standard Error
=======================            ==========================

mean_y          = 109.176          +/- 1.872        (1.715%)


correlation matrix of the fit parameters:

               mean_y 
mean_y          1.000 
