This is pdfTeX, Version 3.1415926-2.4-1.40.13 (TeX Live 2012/TeX Live for SUSE Linux) (format=pdflatex 2013.3.14)  18 DEC 2013 20:15
entering extended mode
 restricted \write18 enabled.
 %&-line parsing enabled.
**intra.tex
(./intra.tex
LaTeX2e <2011/06/27>
Babel <v3.8m> and hyphenation patterns for english, dumylang, nohyphenation, ge
rman-x-2011-07-01, ngerman-x-2011-07-01, afrikaans, ancientgreek, ibycus, arabi
c, armenian, basque, bulgarian, catalan, pinyin, coptic, croatian, czech, danis
h, dutch, ukenglish, usenglishmax, esperanto, estonian, ethiopic, farsi, finnis
h, french, friulan, galician, german, ngerman, swissgerman, monogreek, greek, h
ungarian, icelandic, assamese, bengali, gujarati, hindi, kannada, malayalam, ma
rathi, oriya, panjabi, tamil, telugu, indonesian, interlingua, irish, italian, 
kurmanji, lao, latin, latvian, lithuanian, mongolian, mongolianlmc, bokmal, nyn
orsk, polish, portuguese, romanian, romansh, russian, sanskrit, serbian, serbia
nc, slovak, slovenian, spanish, swedish, turkish, turkmen, ukrainian, uppersorb
ian, welsh, loaded.
(/usr/share/texmf/tex/latex/base/article.cls
Document Class: article 2007/10/19 v1.4h Standard LaTeX document class
(/usr/share/texmf/tex/latex/base/size10.clo
File: size10.clo 2007/10/19 v1.4h Standard LaTeX file (size option)
)
\c@part=\count79
\c@section=\count80
\c@subsection=\count81
\c@subsubsection=\count82
\c@paragraph=\count83
\c@subparagraph=\count84
\c@figure=\count85
\c@table=\count86
\abovecaptionskip=\skip41
\belowcaptionskip=\skip42
\bibindent=\dimen102
)
(/usr/share/texmf/tex/latex/base/inputenc.sty
Package: inputenc 2008/03/30 v1.1d Input encoding file
\inpenc@prehook=\toks14
\inpenc@posthook=\toks15

(/usr/share/texmf/tex/latex/base/utf8.def
File: utf8.def 2008/04/05 v1.1m UTF-8 support for inputenc
Now handling font encoding OML ...
... no UTF-8 mapping file for font encoding OML
Now handling font encoding T1 ...
... processing UTF-8 mapping file for font encoding T1

(/usr/share/texmf/tex/latex/base/t1enc.dfu
File: t1enc.dfu 2008/04/05 v1.1m UTF-8 support for inputenc
   defining Unicode char U+00A1 (decimal 161)
   defining Unicode char U+00A3 (decimal 163)
   defining Unicode char U+00AB (decimal 171)
   defining Unicode char U+00BB (decimal 187)
   defining Unicode char U+00BF (decimal 191)
   defining Unicode char U+00C0 (decimal 192)
   defining Unicode char U+00C1 (decimal 193)
   defining Unicode char U+00C2 (decimal 194)
   defining Unicode char U+00C3 (decimal 195)
   defining Unicode char U+00C4 (decimal 196)
   defining Unicode char U+00C5 (decimal 197)
   defining Unicode char U+00C6 (decimal 198)
   defining Unicode char U+00C7 (decimal 199)
   defining Unicode char U+00C8 (decimal 200)
   defining Unicode char U+00C9 (decimal 201)
   defining Unicode char U+00CA (decimal 202)
   defining Unicode char U+00CB (decimal 203)
   defining Unicode char U+00CC (decimal 204)
   defining Unicode char U+00CD (decimal 205)
   defining Unicode char U+00CE (decimal 206)
   defining Unicode char U+00CF (decimal 207)
   defining Unicode char U+00D0 (decimal 208)
   defining Unicode char U+00D1 (decimal 209)
   defining Unicode char U+00D2 (decimal 210)
   defining Unicode char U+00D3 (decimal 211)
   defining Unicode char U+00D4 (decimal 212)
   defining Unicode char U+00D5 (decimal 213)
   defining Unicode char U+00D6 (decimal 214)
   defining Unicode char U+00D8 (decimal 216)
   defining Unicode char U+00D9 (decimal 217)
   defining Unicode char U+00DA (decimal 218)
   defining Unicode char U+00DB (decimal 219)
   defining Unicode char U+00DC (decimal 220)
   defining Unicode char U+00DD (decimal 221)
   defining Unicode char U+00DE (decimal 222)
   defining Unicode char U+00DF (decimal 223)
   defining Unicode char U+00E0 (decimal 224)
   defining Unicode char U+00E1 (decimal 225)
   defining Unicode char U+00E2 (decimal 226)
   defining Unicode char U+00E3 (decimal 227)
   defining Unicode char U+00E4 (decimal 228)
   defining Unicode char U+00E5 (decimal 229)
   defining Unicode char U+00E6 (decimal 230)
   defining Unicode char U+00E7 (decimal 231)
   defining Unicode char U+00E8 (decimal 232)
   defining Unicode char U+00E9 (decimal 233)
   defining Unicode char U+00EA (decimal 234)
   defining Unicode char U+00EB (decimal 235)
   defining Unicode char U+00EC (decimal 236)
   defining Unicode char U+00ED (decimal 237)
   defining Unicode char U+00EE (decimal 238)
   defining Unicode char U+00EF (decimal 239)
   defining Unicode char U+00F0 (decimal 240)
   defining Unicode char U+00F1 (decimal 241)
   defining Unicode char U+00F2 (decimal 242)
   defining Unicode char U+00F3 (decimal 243)
   defining Unicode char U+00F4 (decimal 244)
   defining Unicode char U+00F5 (decimal 245)
   defining Unicode char U+00F6 (decimal 246)
   defining Unicode char U+00F8 (decimal 248)
   defining Unicode char U+00F9 (decimal 249)
   defining Unicode char U+00FA (decimal 250)
   defining Unicode char U+00FB (decimal 251)
   defining Unicode char U+00FC (decimal 252)
   defining Unicode char U+00FD (decimal 253)
   defining Unicode char U+00FE (decimal 254)
   defining Unicode char U+00FF (decimal 255)
   defining Unicode char U+0102 (decimal 258)
   defining Unicode char U+0103 (decimal 259)
   defining Unicode char U+0104 (decimal 260)
   defining Unicode char U+0105 (decimal 261)
   defining Unicode char U+0106 (decimal 262)
   defining Unicode char U+0107 (decimal 263)
   defining Unicode char U+010C (decimal 268)
   defining Unicode char U+010D (decimal 269)
   defining Unicode char U+010E (decimal 270)
   defining Unicode char U+010F (decimal 271)
   defining Unicode char U+0110 (decimal 272)
   defining Unicode char U+0111 (decimal 273)
   defining Unicode char U+0118 (decimal 280)
   defining Unicode char U+0119 (decimal 281)
   defining Unicode char U+011A (decimal 282)
   defining Unicode char U+011B (decimal 283)
   defining Unicode char U+011E (decimal 286)
   defining Unicode char U+011F (decimal 287)
   defining Unicode char U+0130 (decimal 304)
   defining Unicode char U+0131 (decimal 305)
   defining Unicode char U+0132 (decimal 306)
   defining Unicode char U+0133 (decimal 307)
   defining Unicode char U+0139 (decimal 313)
   defining Unicode char U+013A (decimal 314)
   defining Unicode char U+013D (decimal 317)
   defining Unicode char U+013E (decimal 318)
   defining Unicode char U+0141 (decimal 321)
   defining Unicode char U+0142 (decimal 322)
   defining Unicode char U+0143 (decimal 323)
   defining Unicode char U+0144 (decimal 324)
   defining Unicode char U+0147 (decimal 327)
   defining Unicode char U+0148 (decimal 328)
   defining Unicode char U+014A (decimal 330)
   defining Unicode char U+014B (decimal 331)
   defining Unicode char U+0150 (decimal 336)
   defining Unicode char U+0151 (decimal 337)
   defining Unicode char U+0152 (decimal 338)
   defining Unicode char U+0153 (decimal 339)
   defining Unicode char U+0154 (decimal 340)
   defining Unicode char U+0155 (decimal 341)
   defining Unicode char U+0158 (decimal 344)
   defining Unicode char U+0159 (decimal 345)
   defining Unicode char U+015A (decimal 346)
   defining Unicode char U+015B (decimal 347)
   defining Unicode char U+015E (decimal 350)
   defining Unicode char U+015F (decimal 351)
   defining Unicode char U+0160 (decimal 352)
   defining Unicode char U+0161 (decimal 353)
   defining Unicode char U+0162 (decimal 354)
   defining Unicode char U+0163 (decimal 355)
   defining Unicode char U+0164 (decimal 356)
   defining Unicode char U+0165 (decimal 357)
   defining Unicode char U+016E (decimal 366)
   defining Unicode char U+016F (decimal 367)
   defining Unicode char U+0170 (decimal 368)
   defining Unicode char U+0171 (decimal 369)
   defining Unicode char U+0178 (decimal 376)
   defining Unicode char U+0179 (decimal 377)
   defining Unicode char U+017A (decimal 378)
   defining Unicode char U+017B (decimal 379)
   defining Unicode char U+017C (decimal 380)
   defining Unicode char U+017D (decimal 381)
   defining Unicode char U+017E (decimal 382)
   defining Unicode char U+200C (decimal 8204)
   defining Unicode char U+2013 (decimal 8211)
   defining Unicode char U+2014 (decimal 8212)
   defining Unicode char U+2018 (decimal 8216)
   defining Unicode char U+2019 (decimal 8217)
   defining Unicode char U+201A (decimal 8218)
   defining Unicode char U+201C (decimal 8220)
   defining Unicode char U+201D (decimal 8221)
   defining Unicode char U+201E (decimal 8222)
   defining Unicode char U+2030 (decimal 8240)
   defining Unicode char U+2031 (decimal 8241)
   defining Unicode char U+2039 (decimal 8249)
   defining Unicode char U+203A (decimal 8250)
   defining Unicode char U+2423 (decimal 9251)
)
Now handling font encoding OT1 ...
... processing UTF-8 mapping file for font encoding OT1

(/usr/share/texmf/tex/latex/base/ot1enc.dfu
File: ot1enc.dfu 2008/04/05 v1.1m UTF-8 support for inputenc
   defining Unicode char U+00A1 (decimal 161)
   defining Unicode char U+00A3 (decimal 163)
   defining Unicode char U+00B8 (decimal 184)
   defining Unicode char U+00BF (decimal 191)
   defining Unicode char U+00C5 (decimal 197)
   defining Unicode char U+00C6 (decimal 198)
   defining Unicode char U+00D8 (decimal 216)
   defining Unicode char U+00DF (decimal 223)
   defining Unicode char U+00E6 (decimal 230)
   defining Unicode char U+00EC (decimal 236)
   defining Unicode char U+00ED (decimal 237)
   defining Unicode char U+00EE (decimal 238)
   defining Unicode char U+00EF (decimal 239)
   defining Unicode char U+00F8 (decimal 248)
   defining Unicode char U+0131 (decimal 305)
   defining Unicode char U+0141 (decimal 321)
   defining Unicode char U+0142 (decimal 322)
   defining Unicode char U+0152 (decimal 338)
   defining Unicode char U+0153 (decimal 339)
   defining Unicode char U+2013 (decimal 8211)
   defining Unicode char U+2014 (decimal 8212)
   defining Unicode char U+2018 (decimal 8216)
   defining Unicode char U+2019 (decimal 8217)
   defining Unicode char U+201C (decimal 8220)
   defining Unicode char U+201D (decimal 8221)
)
Now handling font encoding OMS ...
... processing UTF-8 mapping file for font encoding OMS

(/usr/share/texmf/tex/latex/base/omsenc.dfu
File: omsenc.dfu 2008/04/05 v1.1m UTF-8 support for inputenc
   defining Unicode char U+00A7 (decimal 167)
   defining Unicode char U+00B6 (decimal 182)
   defining Unicode char U+00B7 (decimal 183)
   defining Unicode char U+2020 (decimal 8224)
   defining Unicode char U+2021 (decimal 8225)
   defining Unicode char U+2022 (decimal 8226)
)
Now handling font encoding OMX ...
... no UTF-8 mapping file for font encoding OMX
Now handling font encoding U ...
... no UTF-8 mapping file for font encoding U
   defining Unicode char U+00A9 (decimal 169)
   defining Unicode char U+00AA (decimal 170)
   defining Unicode char U+00AE (decimal 174)
   defining Unicode char U+00BA (decimal 186)
   defining Unicode char U+02C6 (decimal 710)
   defining Unicode char U+02DC (decimal 732)
   defining Unicode char U+200C (decimal 8204)
   defining Unicode char U+2026 (decimal 8230)
   defining Unicode char U+2122 (decimal 8482)
   defining Unicode char U+2423 (decimal 9251)
))
(/usr/share/texmf/tex/latex/tools/longtable.sty
Package: longtable 2004/02/01 v4.11 Multi-page Table package (DPC)
\LTleft=\skip43
\LTright=\skip44
\LTpre=\skip45
\LTpost=\skip46
\LTchunksize=\count87
\LTcapwidth=\dimen103
\LT@head=\box26
\LT@firsthead=\box27
\LT@foot=\box28
\LT@lastfoot=\box29
\LT@cols=\count88
\LT@rows=\count89
\c@LT@tables=\count90
\c@LT@chunks=\count91
\LT@p@ftn=\toks16
)
(/usr/share/texmf/tex/latex/sidecap/sidecap.sty
Package: sidecap 2003/06/06 v1.6f SideCap Package (RN/HjG)

(/usr/share/texmf/tex/latex/base/ifthen.sty
Package: ifthen 2001/05/26 v1.1c Standard LaTeX ifthen package (DPC)
)
\SC@BOXWD=\dimen104
\SC@CAPWD=\dimen105
\SC@tempdima=\dimen106
\SC@tempdimb=\dimen107
\c@SC@C=\count92
\SC@BOX=\box30
)
(/usr/share/texmf/tex/latex/tools/afterpage.sty
Package: afterpage 1995/10/27 v1.08 After-Page Package (DPC)
\AP@output=\toks17
\AP@partial=\box31
\AP@footins=\box32
)
(/usr/share/texmf/tex/latex/appendix/appendix.sty
Package: appendix 2009/09/02 v1.2b extra appendix facilities
\c@@pps=\count93
\c@@ppsavesec=\count94
\c@@ppsaveapp=\count95
)
(/usr/share/texmf/tex/latex/graphics/graphicx.sty
Package: graphicx 1999/02/16 v1.0f Enhanced LaTeX Graphics (DPC,SPQR)

(/usr/share/texmf/tex/latex/graphics/keyval.sty
Package: keyval 1999/03/16 v1.13 key=value parser (DPC)
\KV@toks@=\toks18
)
(/usr/share/texmf/tex/latex/graphics/graphics.sty
Package: graphics 2009/02/05 v1.0o Standard LaTeX Graphics (DPC,SPQR)

(/usr/share/texmf/tex/latex/graphics/trig.sty
Package: trig 1999/03/16 v1.09 sin cos tan (DPC)
)
(/usr/share/texmf/tex/latex/latexconfig/graphics.cfg
File: graphics.cfg 2010/04/23 v1.9 graphics configuration of TeX Live
)
Package graphics Info: Driver file: pdftex.def on input line 91.

(/usr/share/texmf/tex/latex/pdftex-def/pdftex.def
File: pdftex.def 2011/05/27 v0.06d Graphics/color for pdfTeX

(/usr/share/texmf/tex/generic/oberdiek/infwarerr.sty
Package: infwarerr 2010/04/08 v1.3 Providing info/warning/error messages (HO)
)
(/usr/share/texmf/tex/generic/oberdiek/ltxcmds.sty
Package: ltxcmds 2011/11/09 v1.22 LaTeX kernel commands for general use (HO)
)
\Gread@gobject=\count96
))
\Gin@req@height=\dimen108
\Gin@req@width=\dimen109
)
(/usr/share/texmf/tex/latex/listings/listings.sty
\lst@mode=\count97
\lst@gtempboxa=\box33
\lst@token=\toks19
\lst@length=\count98
\lst@currlwidth=\dimen110
\lst@column=\count99
\lst@pos=\count100
\lst@lostspace=\dimen111
\lst@width=\dimen112
\lst@newlines=\count101
\lst@lineno=\count102
\lst@maxwidth=\dimen113

(/usr/share/texmf/tex/latex/listings/lstmisc.sty
File: lstmisc.sty 2007/02/22 1.4 (Carsten Heinz)
\c@lstnumber=\count103
\lst@skipnumbers=\count104
\lst@framebox=\box34
)
(/usr/share/texmf/tex/latex/listings/listings.cfg
File: listings.cfg 2007/02/22 1.4 listings configuration
))
Package: listings 2007/02/22 1.4 (Carsten Heinz)

(/usr/share/texmf/tex/latex/seqsplit/seqsplit.sty
Package: seqsplit 2006/08/07 v0.1 Splitting long sequences (DNA, RNA, proteins,
 etc.) 
)
(/usr/share/texmf/tex/latex/geometry/geometry.sty
Package: geometry 2010/09/12 v5.6 Page Geometry

(/usr/share/texmf/tex/generic/oberdiek/ifpdf.sty
Package: ifpdf 2011/01/30 v2.3 Provides the ifpdf switch (HO)
Package ifpdf Info: pdfTeX in PDF mode is detected.
)
(/usr/share/texmf/tex/generic/oberdiek/ifvtex.sty
Package: ifvtex 2010/03/01 v1.5 Detect VTeX and its facilities (HO)
Package ifvtex Info: VTeX not detected.
)
(/usr/share/texmf/tex/generic/ifxetex/ifxetex.sty
Package: ifxetex 2010/09/12 v0.6 Provides ifxetex conditional
)
\Gm@cnth=\count105
\Gm@cntv=\count106
\c@Gm@tempcnt=\count107
\Gm@bindingoffset=\dimen114
\Gm@wd@mp=\dimen115
\Gm@odd@mp=\dimen116
\Gm@even@mp=\dimen117
\Gm@layoutwidth=\dimen118
\Gm@layoutheight=\dimen119
\Gm@layouthoffset=\dimen120
\Gm@layoutvoffset=\dimen121
\Gm@dimlist=\toks20
)
(/usr/share/texmf/tex/latex/float/float.sty
Package: float 2001/11/08 v1.3d Float enhancements (AL)
\c@float@type=\count108
\float@exts=\toks21
\float@box=\box35
\@float@everytoks=\toks22
\@floatcapt=\box36
)
(/usr/share/texmf/tex/latex/wrapfig/wrapfig.sty
\wrapoverhang=\dimen122
\WF@size=\dimen123
\c@WF@wrappedlines=\count109
\WF@box=\box37
\WF@everypar=\toks23
Package: wrapfig 2003/01/31  v 3.6
)
(/usr/share/texmf/tex/generic/babel/babel.sty
Package: babel 2008/07/08 v3.8m The Babel package

(/usr/share/texmf/tex/generic/babel/frenchb.ldf
Language: frenchb 2010/08/21 v2.5a French support from the babel system

(/usr/share/texmf/tex/generic/babel/babel.def
File: babel.def 2008/07/08 v3.8m Babel common definitions
\babel@savecnt=\count110
\U@D=\dimen124
)
Package babel Info: Making : an active character on input line 234.
Package babel Info: Making ; an active character on input line 235.
Package babel Info: Making ! an active character on input line 236.
Package babel Info: Making ? an active character on input line 237.
\FB@Mht=\dimen125
\std@mcc=\count111
\dec@mcc=\count112
\parindentFFN=\dimen126

*************************************
* Local config file frenchb.cfg used
*
(/usr/share/texmf/tex/generic/babel/frenchb.cfg))
(/usr/share/texmf/tex/generic/babel/english.ldf
Language: english 2005/03/30 v3.3o English support from the babel system
\l@canadian = a dialect from \language\l@american 
\l@australian = a dialect from \language\l@british 
\l@newzealand = a dialect from \language\l@british 
))
(/usr/share/texmf/tex/latex/carlisle/scalefnt.sty)
(/usr/share/texmf/tex/latex/hyperref/hyperref.sty
Package: hyperref 2012/02/28 v6.82p Hypertext links for LaTeX

(/usr/share/texmf/tex/generic/oberdiek/hobsub-hyperref.sty
Package: hobsub-hyperref 2012/04/25 v1.12 Bundle oberdiek, subset hyperref (HO)


(/usr/share/texmf/tex/generic/oberdiek/hobsub-generic.sty
Package: hobsub-generic 2012/04/25 v1.12 Bundle oberdiek, subset generic (HO)
Package: hobsub 2012/04/25 v1.12 Construct package bundles (HO)
Package hobsub Info: Skipping package `infwarerr' (already loaded).
Package hobsub Info: Skipping package `ltxcmds' (already loaded).
Package: ifluatex 2010/03/01 v1.3 Provides the ifluatex switch (HO)
Package ifluatex Info: LuaTeX not detected.
Package hobsub Info: Skipping package `ifvtex' (already loaded).
Package: intcalc 2007/09/27 v1.1 Expandable calculations with integers (HO)
Package hobsub Info: Skipping package `ifpdf' (already loaded).
Package: etexcmds 2011/02/16 v1.5 Avoid name clashes with e-TeX commands (HO)
Package etexcmds Info: Could not find \expanded.
(etexcmds)             That can mean that you are not using pdfTeX 1.50 or
(etexcmds)             that some package has redefined \expanded.
(etexcmds)             In the latter case, load this package earlier.
Package: kvsetkeys 2012/04/25 v1.16 Key value parser (HO)
Package: kvdefinekeys 2011/04/07 v1.3 Define keys (HO)
Package: pdftexcmds 2011/11/29 v0.20 Utility functions of pdfTeX for LuaTeX (HO
)
Package pdftexcmds Info: LuaTeX not detected.
Package pdftexcmds Info: \pdf@primitive is available.
Package pdftexcmds Info: \pdf@ifprimitive is available.
Package pdftexcmds Info: \pdfdraftmode found.
Package: pdfescape 2011/11/25 v1.13 Implements pdfTeX's escape features (HO)
Package: bigintcalc 2012/04/08 v1.3 Expandable calculations on big integers (HO
)
Package: bitset 2011/01/30 v1.1 Handle bit-vector datatype (HO)
Package: uniquecounter 2011/01/30 v1.2 Provide unlimited unique counter (HO)
)
Package hobsub Info: Skipping package `hobsub' (already loaded).
Package: letltxmacro 2010/09/02 v1.4 Let assignment for LaTeX macros (HO)
Package: hopatch 2011/06/24 v1.1 Wrapper for package hooks (HO)
Package: xcolor-patch 2011/01/30 xcolor patch
Package: atveryend 2011/06/30 v1.8 Hooks at the very end of document (HO)
Package atveryend Info: \AP@enddocument detected (standard20110627).
Package: atbegshi 2011/10/05 v1.16 At begin shipout hook (HO)
Package: refcount 2011/10/16 v3.4 Data extraction from label references (HO)
Package: hycolor 2011/01/30 v1.7 Color options for hyperref/bookmark (HO)
)
(/usr/share/texmf/tex/latex/oberdiek/kvoptions.sty
Package: kvoptions 2011/06/30 v3.11 Key value format for package options (HO)
)
\@linkdim=\dimen127
\Hy@linkcounter=\count113
\Hy@pagecounter=\count114

(/usr/share/texmf/tex/latex/hyperref/pd1enc.def
File: pd1enc.def 2012/02/28 v6.82p Hyperref: PDFDocEncoding definition (HO)
Now handling font encoding PD1 ...
... no UTF-8 mapping file for font encoding PD1
)
\Hy@SavedSpaceFactor=\count115

(/usr/share/texmf/tex/latex/latexconfig/hyperref.cfg
File: hyperref.cfg 2002/06/06 v1.2 hyperref configuration of TeXLive
)
Package hyperref Info: Hyper figures OFF on input line 4062.
Package hyperref Info: Link nesting OFF on input line 4067.
Package hyperref Info: Hyper index ON on input line 4070.
Package hyperref Info: Plain pages OFF on input line 4077.
Package hyperref Info: Backreferencing OFF on input line 4082.
Package hyperref Info: Implicit mode ON; LaTeX internals redefined.
Package hyperref Info: Bookmarks ON on input line 4300.
\c@Hy@tempcnt=\count116

(/usr/share/texmf/tex/latex/url/url.sty
\Urlmuskip=\muskip10
Package: url 2006/04/12  ver 3.3  Verb mode for urls, etc.
)
LaTeX Info: Redefining \url on input line 4653.
\Fld@menulength=\count117
\Field@Width=\dimen128
\Fld@charsize=\dimen129
Package hyperref Info: Hyper figures OFF on input line 5773.
Package hyperref Info: Link nesting OFF on input line 5778.
Package hyperref Info: Hyper index ON on input line 5781.
Package hyperref Info: backreferencing OFF on input line 5788.
Package hyperref Info: Link coloring OFF on input line 5793.
Package hyperref Info: Link coloring with OCG OFF on input line 5798.
Package hyperref Info: PDF/A mode OFF on input line 5803.
LaTeX Info: Redefining \ref on input line 5843.
LaTeX Info: Redefining \pageref on input line 5847.
\Hy@abspage=\count118
\c@Item=\count119
\c@Hfootnote=\count120
)

Package hyperref Message: Driver (autodetected): hpdftex.

(/usr/share/texmf/tex/latex/hyperref/hpdftex.def
File: hpdftex.def 2012/02/28 v6.82p Hyperref driver for pdfTeX
\Fld@listcount=\count121
\c@bookmark@seq@number=\count122

(/usr/share/texmf/tex/latex/oberdiek/rerunfilecheck.sty
Package: rerunfilecheck 2011/04/15 v1.7 Rerun checks for auxiliary files (HO)
Package uniquecounter Info: New unique counter `rerunfilecheck' on input line 2
82.
)
\Hy@SectionHShift=\skip47
)

LaTeX Warning: Unused global option(s):
    [10.9pt].

(./intra.aux)
\openout1 = `intra.aux'.

LaTeX Font Info:    Checking defaults for OML/cmm/m/it on input line 81.
LaTeX Font Info:    ... okay on input line 81.
LaTeX Font Info:    Checking defaults for T1/cmr/m/n on input line 81.
LaTeX Font Info:    ... okay on input line 81.
LaTeX Font Info:    Checking defaults for OT1/cmr/m/n on input line 81.
LaTeX Font Info:    ... okay on input line 81.
LaTeX Font Info:    Checking defaults for OMS/cmsy/m/n on input line 81.
LaTeX Font Info:    ... okay on input line 81.
LaTeX Font Info:    Checking defaults for OMX/cmex/m/n on input line 81.
LaTeX Font Info:    ... okay on input line 81.
LaTeX Font Info:    Checking defaults for U/cmr/m/n on input line 81.
LaTeX Font Info:    ... okay on input line 81.
LaTeX Font Info:    Checking defaults for PD1/pdf/m/n on input line 81.
LaTeX Font Info:    ... okay on input line 81.
 (/usr/share/texmf/tex/latex/ms/ragged2e.sty
Package: ragged2e 2009/05/21 v2.1 ragged2e Package (MS)

(/usr/share/texmf/tex/latex/ms/everysel.sty
Package: everysel 2011/10/28 v1.2 EverySelectfont Package (MS)

ABD: EverySelectfont initializing macros
LaTeX Info: Redefining \selectfont on input line 126.
)
\CenteringLeftskip=\skip48
\RaggedLeftLeftskip=\skip49
\RaggedRightLeftskip=\skip50
\CenteringRightskip=\skip51
\RaggedLeftRightskip=\skip52
\RaggedRightRightskip=\skip53
\CenteringParfillskip=\skip54
\RaggedLeftParfillskip=\skip55
\RaggedRightParfillskip=\skip56
\JustifyingParfillskip=\skip57
\CenteringParindent=\skip58
\RaggedLeftParindent=\skip59
\RaggedRightParindent=\skip60
\JustifyingParindent=\skip61
)
(/usr/share/texmf/tex/context/base/supp-pdf.mkii
[Loading MPS to PDF converter (version 2006.09.02).]
\scratchcounter=\count123
\scratchdimen=\dimen130
\scratchbox=\box38
\nofMPsegments=\count124
\nofMParguments=\count125
\everyMPshowfont=\toks24
\MPscratchCnt=\count126
\MPscratchDim=\dimen131
\MPnumerator=\count127
\makeMPintoPDFobject=\count128
\everyMPtoPDFconversion=\toks25
) (/usr/share/texmf/tex/latex/oberdiek/epstopdf-base.sty
Package: epstopdf-base 2010/02/09 v2.5 Base part for package epstopdf

(/usr/share/texmf/tex/latex/oberdiek/grfext.sty
Package: grfext 2010/08/19 v1.1 Manage graphics extensions (HO)
)
Package grfext Info: Graphics extension search list:
(grfext)             [.png,.pdf,.jpg,.mps,.jpeg,.jbig2,.jb2,.PNG,.PDF,.JPG,.JPE
G,.JBIG2,.JB2,.eps]
(grfext)             \AppendGraphicsExtensions on input line 452.

(/usr/share/texmf/tex/latex/latexconfig/epstopdf-sys.cfg
File: epstopdf-sys.cfg 2010/07/13 v1.3 Configuration of (r)epstopdf for TeX Liv
e
))
\c@lstlisting=\count129

*geometry* driver: auto-detecting
*geometry* detected driver: pdftex
*geometry* verbose mode - [ preamble ] result:
* driver: pdftex
* paper: letterpaper
* layout: <same size as paper>
* layoutoffset:(h,v)=(0.0pt,0.0pt)
* modes: 
* h-part:(L,W,R)=(62.59596pt, 489.10307pt, 62.59596pt)
* v-part:(T,H,B)=(62.59596pt, 669.77806pt, 62.59596pt)
* \paperwidth=614.295pt
* \paperheight=794.96999pt
* \textwidth=489.10307pt
* \textheight=669.77806pt
* \oddsidemargin=-9.67403pt
* \evensidemargin=-9.67403pt
* \topmargin=-9.67403pt
* \headheight=0.0pt
* \headsep=0.0pt
* \topskip=10.0pt
* \footskip=30.0pt
* \marginparwidth=65.0pt
* \marginparsep=11.0pt
* \columnsep=10.0pt
* \skip\footins=9.0pt plus 4.0pt minus 2.0pt
* \hoffset=0.0pt
* \voffset=0.0pt
* \mag=1000
* \@twocolumnfalse
* \@twosidefalse
* \@mparswitchfalse
* \@reversemarginfalse
* (1in=72.27pt=25.4mm, 1cm=28.453pt)

LaTeX Info: Redefining \degres on input line 81.
LaTeX Info: Redefining \dots on input line 81.
LaTeX Info: Redefining \up on input line 81.

Package frenchb.ldf Warning: OT1 encoding should not be used for French. 
(frenchb.ldf)                Add \usepackage[T1]{fontenc} to the preamble
(frenchb.ldf)                of your document, on input line 81.

\AtBeginShipoutBox=\box39
Package hyperref Info: Link coloring OFF on input line 81.
(/usr/share/texmf/tex/latex/hyperref/nameref.sty
Package: nameref 2010/04/30 v2.40 Cross-referencing by name of section

(/usr/share/texmf/tex/generic/oberdiek/gettitlestring.sty
Package: gettitlestring 2010/12/03 v1.4 Cleanup title references (HO)
)
\c@section@level=\count130
)
LaTeX Info: Redefining \ref on input line 81.
LaTeX Info: Redefining \pageref on input line 81.
LaTeX Info: Redefining \nameref on input line 81.
 (./intra.out)
(./intra.out)
\@outlinefile=\write3
\openout3 = `intra.out'.

LaTeX Font Info:    External font `cmex10' loaded for size
(Font)              <7> on input line 107.
LaTeX Font Info:    External font `cmex10' loaded for size
(Font)              <5> on input line 107.
 [1

{/var/lib/texmf/fonts/map/pdftex/updmap/pdftex.map}] [0]
(./intra.tocpdfTeX warning (ext4): destination with the same identifier (name{p
age.1}) has been already used, duplicate ignored
<to be read again> 
                   \relax 
l.23 ...tion du vecteur pANNE}{27}{subsection.6.8}
                                                   [1])
\tf@toc=\write4
\openout4 = `intra.toc'.

 [2] [3]
Package epstopdf Info: Source file: <question_1/histogramme_taille.eps>
(epstopdf)                    date: 2013-12-17 13:22:12
(epstopdf)                    size: 25032 bytes
(epstopdf)             Output file: <question_1/histogramme_taille-eps-converte
d-to.pdf>
(epstopdf)                    date: 2013-12-17 13:22:23
(epstopdf)                    size: 6783 bytes
(epstopdf)             Command: <repstopdf --outfile=question_1/histogramme_tai
lle-eps-converted-to.pdf question_1/histogramme_taille.eps>
(epstopdf)             \includegraphics on input line 178.
Package epstopdf Info: Output file is already uptodate.

<question_1/histogramme_taille-eps-converted-to.pdf, id=173, 505.89pt x 722.7pt
>
File: question_1/histogramme_taille-eps-converted-to.pdf Graphic file (type pdf
)
 <use question_1/histogramme_taille-eps-converted-to.pdf>
Package pdftex.def Info: question_1/histogramme_taille-eps-converted-to.pdf use
d on input line 178.
(pdftex.def)             Requested size: 303.53633pt x 433.62334pt.
Package epstopdf Info: Source file: <question_1/histogramme_taux.eps>
(epstopdf)                    date: 2013-12-17 13:22:12
(epstopdf)                    size: 22807 bytes
(epstopdf)             Output file: <question_1/histogramme_taux-eps-converted-
to.pdf>
(epstopdf)                    date: 2013-12-17 13:22:23
(epstopdf)                    size: 7170 bytes
(epstopdf)             Command: <repstopdf --outfile=question_1/histogramme_tau
x-eps-converted-to.pdf question_1/histogramme_taux.eps>
(epstopdf)             \includegraphics on input line 180.
Package epstopdf Info: Output file is already uptodate.

<question_1/histogramme_taux-eps-converted-to.pdf, id=174, 505.89pt x 722.7pt>
File: question_1/histogramme_taux-eps-converted-to.pdf Graphic file (type pdf)

<use question_1/histogramme_taux-eps-converted-to.pdf>
Package pdftex.def Info: question_1/histogramme_taux-eps-converted-to.pdf used 
on input line 180.
(pdftex.def)             Requested size: 303.53633pt x 433.62334pt.
Package epstopdf Info: Source file: <question_1/contigs_taille.eps>
(epstopdf)                    date: 2013-12-17 13:22:13
(epstopdf)                    size: 36754 bytes
(epstopdf)             Output file: <question_1/contigs_taille-eps-converted-to
.pdf>
(epstopdf)                    date: 2013-12-17 13:22:24
(epstopdf)                    size: 12208 bytes
(epstopdf)             Command: <repstopdf --outfile=question_1/contigs_taille-
eps-converted-to.pdf question_1/contigs_taille.eps>
(epstopdf)             \includegraphics on input line 194.
Package epstopdf Info: Output file is already uptodate.

<question_1/contigs_taille-eps-converted-to.pdf, id=177, 505.89pt x 722.7pt>
File: question_1/contigs_taille-eps-converted-to.pdf Graphic file (type pdf)

<use question_1/contigs_taille-eps-converted-to.pdf>
Package pdftex.def Info: question_1/contigs_taille-eps-converted-to.pdf used on
 input line 194.
(pdftex.def)             Requested size: 303.53633pt x 433.62334pt.
Package epstopdf Info: Source file: <question_1/contigs_taux.eps>
(epstopdf)                    date: 2013-12-17 13:22:13
(epstopdf)                    size: 36697 bytes
(epstopdf)             Output file: <question_1/contigs_taux-eps-converted-to.p
df>
(epstopdf)                    date: 2013-12-17 13:22:24
(epstopdf)                    size: 12688 bytes
(epstopdf)             Command: <repstopdf --outfile=question_1/contigs_taux-ep
s-converted-to.pdf question_1/contigs_taux.eps>
(epstopdf)             \includegraphics on input line 196.
Package epstopdf Info: Output file is already uptodate.

<question_1/contigs_taux-eps-converted-to.pdf, id=178, 505.89pt x 722.7pt>
File: question_1/contigs_taux-eps-converted-to.pdf Graphic file (type pdf)

<use question_1/contigs_taux-eps-converted-to.pdf>
Package pdftex.def Info: question_1/contigs_taux-eps-converted-to.pdf used on i
nput line 196.
(pdftex.def)             Requested size: 303.53633pt x 433.62334pt.
 [4] [5 <./question_1/histogramme_taille-eps-converted-to.pdf> <./question_1/hi
stogramme_taux-eps-converted-to.pdf>] [6 <./question_1/contigs_taille-eps-conve
rted-to.pdf> <./question_1/contigs_taux-eps-converted-to.pdf>]
Overfull \hbox (9.83664pt too wide) in paragraph at lines 225--229
[]\OT1/cmr/m/n/10 J'ai en-re-gistr^^Se les r^^Sesultats dans les fi-chiers eva-
lue[]lower.txt et eva-lue[]higher.txt, ^^Ra l'aide du script q2[]meanEvalue.py.

 []

[7] (./question_2/contigs_q2.tex
Underfull \hbox (badness 1454) in paragraph at lines 6--6
[]|\OT1/cmr/m/n/8 Triticum aes-ti-vum chro-mo-some 3B-specific BAC li-brary, co
ntig
 []


Underfull \hbox (badness 1454) in paragraph at lines 10--10
[]|\OT1/cmr/m/n/8 Triticum aes-ti-vum chro-mo-some 3B-specific BAC li-brary, co
ntig
 []


Underfull \vbox (badness 10000) detected at line 45
 []


Underfull \hbox (badness 10000) in paragraph at lines 46--46
[]|\OT1/cmr/m/n/8 Triticum aes-ti-vum cv. Arina SNP, chro-mo-some 3B, clone
 []


Underfull \hbox (badness 1454) in paragraph at lines 60--60
[]|\OT1/cmr/m/n/8 Triticum aes-ti-vum chro-mo-some 3B-specific BAC li-brary, co
ntig
 []


Underfull \hbox (badness 10000) in paragraph at lines 68--68
[]|\OT1/cmr/m/n/8 Triticum aes-ti-vum cv. Arina SNP, chro-mo-some 3B, clone
 []


Underfull \hbox (badness 10000) in paragraph at lines 74--74
[]|\OT1/cmr/m/n/8 Triticum aes-ti-vum cv. Arina SNP, chro-mo-some 3B, clone
 []


Underfull \hbox (badness 1454) in paragraph at lines 82--82
[]|\OT1/cmr/m/n/8 Triticum aes-ti-vum chro-mo-some 3B-specific BAC li-brary, co
ntig
 []


Underfull \hbox (badness 1454) in paragraph at lines 84--84
[]|\OT1/cmr/m/n/8 Triticum aes-ti-vum chro-mo-some 3B-specific BAC li-brary, co
ntig
 []

[8]
Underfull \hbox (badness 1454) in paragraph at lines 88--88
[]|\OT1/cmr/m/n/8 Triticum aes-ti-vum chro-mo-some 3B-specific BAC li-brary, co
ntig
 []


Underfull \hbox (badness 10000) in paragraph at lines 108--108
[]|\OT1/cmr/m/n/8 Triticum aes-ti-vum cv. Arina SNP, chro-mo-some 3B, clone
 []


Underfull \hbox (badness 1454) in paragraph at lines 114--114
[]|\OT1/cmr/m/n/8 Triticum aes-ti-vum chro-mo-some 3B-specific BAC li-brary, co
ntig
 []


Underfull \hbox (badness 10000) in paragraph at lines 120--120
[]|\OT1/cmr/m/n/8 Triticum aes-ti-vum cv. Arina SNP, chro-mo-some 3B, clone
 []

[9]
Underfull \hbox (badness 10000) in paragraph at lines 158--158
[]|\OT1/cmr/m/n/8 Triticum aes-ti-vum cv. Arina SNP, chro-mo-some 3B, clone
 []


Underfull \hbox (badness 1454) in paragraph at lines 194--194
[]|\OT1/cmr/m/n/8 Triticum aes-ti-vum chro-mo-some 3B-specific BAC li-brary, co
ntig
 []

[10]
Underfull \hbox (badness 1454) in paragraph at lines 210--210
[]|\OT1/cmr/m/n/8 Triticum aes-ti-vum chro-mo-some 3B-specific BAC li-brary, co
ntig
 []


Underfull \hbox (badness 1454) in paragraph at lines 216--216
[]|\OT1/cmr/m/n/8 Triticum aes-ti-vum chro-mo-some 3B-specific BAC li-brary, co
ntig
 []


Underfull \hbox (badness 1454) in paragraph at lines 228--228
[]|\OT1/cmr/m/n/8 Triticum aes-ti-vum chro-mo-some 3B-specific BAC li-brary, co
ntig
 []


Underfull \hbox (badness 1454) in paragraph at lines 246--246
[]|\OT1/cmr/m/n/8 Triticum aes-ti-vum chro-mo-some 3B-specific BAC li-brary, co
ntig
 []


Underfull \hbox (badness 1454) in paragraph at lines 256--256
[]|\OT1/cmr/m/n/8 Triticum aes-ti-vum chro-mo-some 3B-specific BAC li-brary, co
ntig
 []


Underfull \hbox (badness 1454) in paragraph at lines 280--280
[]|\OT1/cmr/m/n/8 Triticum aes-ti-vum chro-mo-some 3B-specific BAC li-brary, co
ntig
 []

[11]
Underfull \hbox (badness 1454) in paragraph at lines 292--292
[]|\OT1/cmr/m/n/8 Triticum aes-ti-vum chro-mo-some 3B-specific BAC li-brary, co
ntig
 []


Underfull \hbox (badness 1454) in paragraph at lines 294--294
[]|\OT1/cmr/m/n/8 Triticum aes-ti-vum chro-mo-some 3B-specific BAC li-brary, co
ntig
 []


Underfull \hbox (badness 1454) in paragraph at lines 304--304
[]|\OT1/cmr/m/n/8 Triticum aes-ti-vum chro-mo-some 3B-specific BAC li-brary, co
ntig
 []


Underfull \hbox (badness 1454) in paragraph at lines 308--308
[]|\OT1/cmr/m/n/8 Triticum aes-ti-vum chro-mo-some 3B-specific BAC li-brary, co
ntig
 []


Underfull \hbox (badness 1960) in paragraph at lines 310--310
[]|\OT1/cmr/m/n/8 Triticum aes-ti-vum clones BAC 1031P08; BAC 754K10; BAC
 []


Underfull \hbox (badness 1454) in paragraph at lines 320--320
[]|\OT1/cmr/m/n/8 Triticum aes-ti-vum chro-mo-some 3B-specific BAC li-brary, co
ntig
 []

[12]
Underfull \hbox (badness 1454) in paragraph at lines 328--328
[]|\OT1/cmr/m/n/8 Triticum aes-ti-vum chro-mo-some 3B-specific BAC li-brary, co
ntig
 []


Underfull \hbox (badness 1454) in paragraph at lines 342--342
[]|\OT1/cmr/m/n/8 Triticum aes-ti-vum chro-mo-some 3B-specific BAC li-brary, co
ntig
 []


Underfull \hbox (badness 1454) in paragraph at lines 352--352
[]|\OT1/cmr/m/n/8 Triticum aes-ti-vum chro-mo-some 3B-specific BAC li-brary, co
ntig
 []


Underfull \hbox (badness 1430) in paragraph at lines 358--358
[]|\OT1/cmr/m/n/8 Triticum tur-gi-dum subsp. du-rum culti-var Lang-don clone BA
C
 []


Underfull \hbox (badness 10000) in paragraph at lines 362--362
[]|\OT1/cmr/m/n/8 Triticum aes-ti-vum culti-var Chi-nese Spring clone BAC
 []


Underfull \hbox (badness 1454) in paragraph at lines 374--374
[]|\OT1/cmr/m/n/8 Triticum aes-ti-vum chro-mo-some 3B-specific BAC li-brary, co
ntig
 []


Underfull \hbox (badness 1960) in paragraph at lines 390--390
[]|\OT1/cmr/m/n/8 Triticum aes-ti-vum clones BAC 1031P08; BAC 754K10; BAC
 []

[13]
Underfull \hbox (badness 1454) in paragraph at lines 414--414
[]|\OT1/cmr/m/n/8 Triticum aes-ti-vum chro-mo-some 3B-specific BAC li-brary, co
ntig
 []


Underfull \hbox (badness 10000) in paragraph at lines 418--418
[]|\OT1/cmr/m/n/8 Triticum aes-ti-vum cv. Arina SNP, chro-mo-some 3B, clone
 []


Underfull \hbox (badness 1430) in paragraph at lines 420--420
[]|\OT1/cmr/m/n/8 Triticum tur-gi-dum subsp. du-rum culti-var Lang-don clone BA
C
 []


Underfull \hbox (badness 1454) in paragraph at lines 432--432
[]|\OT1/cmr/m/n/8 Triticum aes-ti-vum chro-mo-some 3B-specific BAC li-brary, co
ntig
 []


Underfull \hbox (badness 1454) in paragraph at lines 438--438
[]|\OT1/cmr/m/n/8 Triticum aes-ti-vum chro-mo-some 3B-specific BAC li-brary, co
ntig
 []


Underfull \hbox (badness 1454) in paragraph at lines 442--442
[]|\OT1/cmr/m/n/8 Triticum aes-ti-vum chro-mo-some 3B-specific BAC li-brary, co
ntig
 []

[14]
Underfull \hbox (badness 1454) in paragraph at lines 450--450
[]|\OT1/cmr/m/n/8 Triticum aes-ti-vum chro-mo-some 3B-specific BAC li-brary, co
ntig
 []

) [15] (./question_3/contigs_q3.tex
Underfull \vbox (badness 10000) detected at line 45
 []

[16] [17]) [18]
Underfull \vbox (badness 10000) detected at line 397
 []

[19] [20] [21] (/usr/share/texmf/tex/latex/listings/lstlang1.sty
File: lstlang1.sty 2004/09/05 1.3 listings language file
)
LaTeX Font Info:    External font `cmex10' loaded for size
(Font)              <8> on input line 714.
LaTeX Font Info:    External font `cmex10' loaded for size
(Font)              <6> on input line 714.
LaTeX Font Info:    Try loading font information for OMS+cmr on input line 714.


(/usr/share/texmf/tex/latex/base/omscmr.fd
File: omscmr.fd 1999/05/25 v2.5h Standard LaTeX font definitions
)
LaTeX Font Info:    Font shape `OMS/cmr/m/it' in size <8> not available
(Font)              Font shape `OMS/cmsy/m/n' tried instead on input line 714.
LaTeX Font Info:    Font shape `OMS/cmr/m/n' in size <8> not available
(Font)              Font shape `OMS/cmsy/m/n' tried instead on input line 724.
LaTeX Font Info:    Try loading font information for OML+cmr on input line 750.


(/usr/share/texmf/tex/latex/base/omlcmr.fd
File: omlcmr.fd 1999/05/25 v2.5h Standard LaTeX font definitions
)
LaTeX Font Info:    Font shape `OML/cmr/m/n' in size <8> not available
(Font)              Font shape `OML/cmm/m/it' tried instead on input line 750.
 [22]

! Package inputenc Error: Unicode char \u8:√\expandafter not set up for use wit
h LaTeX.

See the inputenc package documentation for explanation.
Type  H <return>  for immediate help.
 ...                                              
                                                  
l.777     #on enregistre le r√©sultat
                                     
Your command was ignored.
Type  I <command> <return>  to replace it with another command,
or  <return>  to continue without it.


! Package inputenc Error: Keyboard character used is undefined
(inputenc)                in inputencoding `utf8'.

See the inputenc package documentation for explanation.
Type  H <return>  for immediate help.
 ...                                              
                                                  
l.777     #on enregistre le r√©sultat
                                     
You need to provide a definition with \DeclareInputText 
or \DeclareInputMath before using this key.


! Package inputenc Error: Unicode char \u8:√\expandafter not set up for use wit
h LaTeX.

See the inputenc package documentation for explanation.
Type  H <return>  for immediate help.
 ...                                              
                                                  
l.784 print "5 contigs cherch√©s"
                                 
Your command was ignored.
Type  I <command> <return>  to replace it with another command,
or  <return>  to continue without it.


! Package inputenc Error: Keyboard character used is undefined
(inputenc)                in inputencoding `utf8'.

See the inputenc package documentation for explanation.
Type  H <return>  for immediate help.
 ...                                              
                                                  
l.784 print "5 contigs cherch√©s"
                                 
You need to provide a definition with \DeclareInputText 
or \DeclareInputMath before using this key.

[23] [24] [25] [26]

! Package inputenc Error: Unicode char \u8:√\expandafter not set up for use wit
h LaTeX.

See the inputenc package documentation for explanation.
Type  H <return>  for immediate help.
 ...                                              
                                                  
l.1004 # Script pour le num√©ro 
                                3 du devoir 1: Cette partie ne fait
Your command was ignored.
Type  I <command> <return>  to replace it with another command,
or  <return>  to continue without it.


! Package inputenc Error: Keyboard character used is undefined
(inputenc)                in inputencoding `utf8'.

See the inputenc package documentation for explanation.
Type  H <return>  for immediate help.
 ...                                              
                                                  
l.1004 # Script pour le num√©ro 
                                3 du devoir 1: Cette partie ne fait
You need to provide a definition with \DeclareInputText 
or \DeclareInputMath before using this key.


! Package inputenc Error: Unicode char \u8:√\expandafter not set up for use wit
h LaTeX.

See the inputenc package documentation for explanation.
Type  H <return>  for immediate help.
 ...                                              
                                                  
l.1005 #qu'envoyer la requ√™te 
                               blast au serveur du NCBI, et ensuite
Your command was ignored.
Type  I <command> <return>  to replace it with another command,
or  <return>  to continue without it.


! Package inputenc Error: Keyboard character used is undefined
(inputenc)                in inputencoding `utf8'.

See the inputenc package documentation for explanation.
Type  H <return>  for immediate help.
 ...                                              
                                                  
l.1005 #qu'envoyer la requ√™te 
                               blast au serveur du NCBI, et ensuite
You need to provide a definition with \DeclareInputText 
or \DeclareInputMath before using this key.


! Package inputenc Error: Unicode char \u8:√\expandafter not set up for use wit
h LaTeX.

See the inputenc package documentation for explanation.
Type  H <return>  for immediate help.
 ...                                              
                                                  
l.1006 #enregistre le r√©sultat 
                                dans un fichier.
Your command was ignored.
Type  I <command> <return>  to replace it with another command,
or  <return>  to continue without it.


! Package inputenc Error: Keyboard character used is undefined
(inputenc)                in inputencoding `utf8'.

See the inputenc package documentation for explanation.
Type  H <return>  for immediate help.
 ...                                              
                                                  
l.1006 #enregistre le r√©sultat 
                                dans un fichier.
You need to provide a definition with \DeclareInputText 
or \DeclareInputMath before using this key.


! Package inputenc Error: Unicode char \u8:√\expandafter not set up for use wit
h LaTeX.

See the inputenc package documentation for explanation.
Type  H <return>  for immediate help.
 ...                                              
                                                  
l.1022 #On enl√®ve 
                   les retour de chariot du fichier
Your command was ignored.
Type  I <command> <return>  to replace it with another command,
or  <return>  to continue without it.


! Package inputenc Error: Keyboard character used is undefined
(inputenc)                in inputencoding `utf8'.

See the inputenc package documentation for explanation.
Type  H <return>  for immediate help.
 ...                                              
                                                  
l.1022 #On enl√®ve 
                   les retour de chariot du fichier
You need to provide a definition with \DeclareInputText 
or \DeclareInputMath before using this key.


! Package inputenc Error: Unicode char \u8:√\expandafter not set up for use wit
h LaTeX.

See the inputenc package documentation for explanation.
Type  H <return>  for immediate help.
 ...                                              
                                                  
l.1028 ...rint "on fait un blast sur la s√©quence 
                                                  de longeur "
Your command was ignored.
Type  I <command> <return>  to replace it with another command,
or  <return>  to continue without it.


! Package inputenc Error: Keyboard character used is undefined
(inputenc)                in inputencoding `utf8'.

See the inputenc package documentation for explanation.
Type  H <return>  for immediate help.
 ...                                              
                                                  
l.1028 ...rint "on fait un blast sur la s√©quence 
                                                  de longeur "
You need to provide a definition with \DeclareInputText 
or \DeclareInputMath before using this key.


! Package inputenc Error: Unicode char \u8:√\expandafter not set up for use wit
h LaTeX.

See the inputenc package documentation for explanation.
Type  H <return>  for immediate help.
 ...                                              
                                                  
l.1033 #on enregistre le r√©sultat
                                  
Your command was ignored.
Type  I <command> <return>  to replace it with another command,
or  <return>  to continue without it.


! Package inputenc Error: Keyboard character used is undefined
(inputenc)                in inputencoding `utf8'.

See the inputenc package documentation for explanation.
Type  H <return>  for immediate help.
 ...                                              
                                                  
l.1033 #on enregistre le r√©sultat
                                  
You need to provide a definition with \DeclareInputText 
or \DeclareInputMath before using this key.

[27]

! Package inputenc Error: Unicode char \u8:√\expandafter not set up for use wit
h LaTeX.

See the inputenc package documentation for explanation.
Type  H <return>  for immediate help.
 ...                                              
                                                  
l.1042 #Maintenant on enl√®ve 
                              de la s√©quence les zones identifi√©es
Your command was ignored.
Type  I <command> <return>  to replace it with another command,
or  <return>  to continue without it.


! Package inputenc Error: Keyboard character used is undefined
(inputenc)                in inputencoding `utf8'.

See the inputenc package documentation for explanation.
Type  H <return>  for immediate help.
 ...                                              
                                                  
l.1042 #Maintenant on enl√®ve 
                              de la s√©quence les zones identifi√©es
You need to provide a definition with \DeclareInputText 
or \DeclareInputMath before using this key.


! Package inputenc Error: Unicode char \u8:√\expandafter not set up for use wit
h LaTeX.

See the inputenc package documentation for explanation.
Type  H <return>  for immediate help.
 ...                                              
                                                  
l.1042 #Maintenant on enl√®ve de la s√©quence 
                                              les zones identifi√©es
Your command was ignored.
Type  I <command> <return>  to replace it with another command,
or  <return>  to continue without it.


! Package inputenc Error: Keyboard character used is undefined
(inputenc)                in inputencoding `utf8'.

See the inputenc package documentation for explanation.
Type  H <return>  for immediate help.
 ...                                              
                                                  
l.1042 #Maintenant on enl√®ve de la s√©quence 
                                              les zones identifi√©es
You need to provide a definition with \DeclareInputText 
or \DeclareInputMath before using this key.


! Package inputenc Error: Unicode char \u8:√\expandafter not set up for use wit
h LaTeX.

See the inputenc package documentation for explanation.
Type  H <return>  for immediate help.
 ...                                              
                                                  
l.1042 ...e de la s√©quence les zones identifi√©es
                                                  
Your command was ignored.
Type  I <command> <return>  to replace it with another command,
or  <return>  to continue without it.


! Package inputenc Error: Keyboard character used is undefined
(inputenc)                in inputencoding `utf8'.

See the inputenc package documentation for explanation.
Type  H <return>  for immediate help.
 ...                                              
                                                  
l.1042 ...e de la s√©quence les zones identifi√©es
                                                  
You need to provide a definition with \DeclareInputText 
or \DeclareInputMath before using this key.


! Package inputenc Error: Unicode char \u8:√\lst@FillFixed@ not set up for use 
with LaTeX.

See the inputenc package documentation for explanation.
Type  H <return>  for immediate help.
 ...                                              
                                                  
l.1048 #On met √† 
                  jour la s√©quence pour enlever ce r√©sultat
Your command was ignored.
Type  I <command> <return>  to replace it with another command,
or  <return>  to continue without it.


! Package inputenc Error: Keyboard character used is undefined
(inputenc)                in inputencoding `utf8'.

See the inputenc package documentation for explanation.
Type  H <return>  for immediate help.
 ...                                              
                                                  
l.1048 #On met √† 
                  jour la s√©quence pour enlever ce r√©sultat
You need to provide a definition with \DeclareInputText 
or \DeclareInputMath before using this key.


! Package inputenc Error: Unicode char \u8:√\expandafter not set up for use wit
h LaTeX.

See the inputenc package documentation for explanation.
Type  H <return>  for immediate help.
 ...                                              
                                                  
l.1048 #On met √† jour la s√©quence 
                                    pour enlever ce r√©sultat
Your command was ignored.
Type  I <command> <return>  to replace it with another command,
or  <return>  to continue without it.


! Package inputenc Error: Keyboard character used is undefined
(inputenc)                in inputencoding `utf8'.

See the inputenc package documentation for explanation.
Type  H <return>  for immediate help.
 ...                                              
                                                  
l.1048 #On met √† jour la s√©quence 
                                    pour enlever ce r√©sultat
You need to provide a definition with \DeclareInputText 
or \DeclareInputMath before using this key.


! Package inputenc Error: Unicode char \u8:√\expandafter not set up for use wit
h LaTeX.

See the inputenc package documentation for explanation.
Type  H <return>  for immediate help.
 ...                                              
                                                  
l.1048 ...r la s√©quence pour enlever ce r√©sultat
                                                  
Your command was ignored.
Type  I <command> <return>  to replace it with another command,
or  <return>  to continue without it.


! Package inputenc Error: Keyboard character used is undefined
(inputenc)                in inputencoding `utf8'.

See the inputenc package documentation for explanation.
Type  H <return>  for immediate help.
 ...                                              
                                                  
l.1048 ...r la s√©quence pour enlever ce r√©sultat
                                                  
You need to provide a definition with \DeclareInputText 
or \DeclareInputMath before using this key.


! Package inputenc Error: Unicode char \u8:√\lst@FillFixed@ not set up for use 
with LaTeX.

See the inputenc package documentation for explanation.
Type  H <return>  for immediate help.
 ...                                              
                                                  
l.1054 #On a les points √† 
                           enlever
Your command was ignored.
Type  I <command> <return>  to replace it with another command,
or  <return>  to continue without it.


! Package inputenc Error: Keyboard character used is undefined
(inputenc)                in inputencoding `utf8'.

See the inputenc package documentation for explanation.
Type  H <return>  for immediate help.
 ...                                              
                                                  
l.1054 #On a les points √† 
                           enlever
You need to provide a definition with \DeclareInputText 
or \DeclareInputMath before using this key.


! Package inputenc Error: Unicode char \u8:√\expandafter not set up for use wit
h LaTeX.

See the inputenc package documentation for explanation.
Type  H <return>  for immediate help.
 ...                                              
                                                  
l.1072 #Pour v√©rifier 
                       les r√©sutats, j'enregistre la nouvelle
Your command was ignored.
Type  I <command> <return>  to replace it with another command,
or  <return>  to continue without it.


! Package inputenc Error: Keyboard character used is undefined
(inputenc)                in inputencoding `utf8'.

See the inputenc package documentation for explanation.
Type  H <return>  for immediate help.
 ...                                              
                                                  
l.1072 #Pour v√©rifier 
                       les r√©sutats, j'enregistre la nouvelle
You need to provide a definition with \DeclareInputText 
or \DeclareInputMath before using this key.


! Package inputenc Error: Unicode char \u8:√\expandafter not set up for use wit
h LaTeX.

See the inputenc package documentation for explanation.
Type  H <return>  for immediate help.
 ...                                              
                                                  
l.1072 #Pour v√©rifier les r√©sutats,
                                      j'enregistre la nouvelle
Your command was ignored.
Type  I <command> <return>  to replace it with another command,
or  <return>  to continue without it.


! Package inputenc Error: Keyboard character used is undefined
(inputenc)                in inputencoding `utf8'.

See the inputenc package documentation for explanation.
Type  H <return>  for immediate help.
 ...                                              
                                                  
l.1072 #Pour v√©rifier les r√©sutats,
                                      j'enregistre la nouvelle
You need to provide a definition with \DeclareInputText 
or \DeclareInputMath before using this key.


! Package inputenc Error: Unicode char \u8:√\expandafter not set up for use wit
h LaTeX.

See the inputenc package documentation for explanation.
Type  H <return>  for immediate help.
 ...                                              
                                                  
l.1073 #s√©quence 
                  dans un fichier
Your command was ignored.
Type  I <command> <return>  to replace it with another command,
or  <return>  to continue without it.


! Package inputenc Error: Keyboard character used is undefined
(inputenc)                in inputencoding `utf8'.

See the inputenc package documentation for explanation.
Type  H <return>  for immediate help.
 ...                                              
                                                  
l.1073 #s√©quence 
                  dans un fichier
You need to provide a definition with \DeclareInputText 
or \DeclareInputMath before using this key.


! Package inputenc Error: Unicode char \u8:√\lst@FillFixed@ not set up for use 
with LaTeX.

See the inputenc package documentation for explanation.
Type  H <return>  for immediate help.
 ...                                              
                                                  
l.1074         print "On √©crit 
                                le reste de la s√©quence avec i = " + str(i)
Your command was ignored.
Type  I <command> <return>  to replace it with another command,
or  <return>  to continue without it.


! Package inputenc Error: Keyboard character used is undefined
(inputenc)                in inputencoding `utf8'.

See the inputenc package documentation for explanation.
Type  H <return>  for immediate help.
 ...                                              
                                                  
l.1074         print "On √©crit 
                                le reste de la s√©quence avec i = " + str(i)
You need to provide a definition with \DeclareInputText 
or \DeclareInputMath before using this key.


! Package inputenc Error: Unicode char \u8:√\expandafter not set up for use wit
h LaTeX.

See the inputenc package documentation for explanation.
Type  H <return>  for immediate help.
 ...                                              
                                                  
l.1074 ...int "On √©crit le reste de la s√©quence 
                                                  avec i = " + str(i)
Your command was ignored.
Type  I <command> <return>  to replace it with another command,
or  <return>  to continue without it.


! Package inputenc Error: Keyboard character used is undefined
(inputenc)                in inputencoding `utf8'.

See the inputenc package documentation for explanation.
Type  H <return>  for immediate help.
 ...                                              
                                                  
l.1074 ...int "On √©crit le reste de la s√©quence 
                                                  avec i = " + str(i)
You need to provide a definition with \DeclareInputText 
or \DeclareInputMath before using this key.

[28]

! Package inputenc Error: Unicode char \u8:√\lst@FillFixed@ not set up for use 
with LaTeX.

See the inputenc package documentation for explanation.
Type  H <return>  for immediate help.
 ...                                              
                                                  
l.1113 #Essai √† 
                 la main, √† la lecture des fichiers XML
Your command was ignored.
Type  I <command> <return>  to replace it with another command,
or  <return>  to continue without it.


! Package inputenc Error: Keyboard character used is undefined
(inputenc)                in inputencoding `utf8'.

See the inputenc package documentation for explanation.
Type  H <return>  for immediate help.
 ...                                              
                                                  
l.1113 #Essai √† 
                 la main, √† la lecture des fichiers XML
You need to provide a definition with \DeclareInputText 
or \DeclareInputMath before using this key.


! Package inputenc Error: Unicode char \u8:√\lst@FillFixed@ not set up for use 
with LaTeX.

See the inputenc package documentation for explanation.
Type  H <return>  for immediate help.
 ...                                              
                                                  
l.1113 #Essai √† la main, √† 
                             la lecture des fichiers XML
Your command was ignored.
Type  I <command> <return>  to replace it with another command,
or  <return>  to continue without it.


! Package inputenc Error: Keyboard character used is undefined
(inputenc)                in inputencoding `utf8'.

See the inputenc package documentation for explanation.
Type  H <return>  for immediate help.
 ...                                              
                                                  
l.1113 #Essai √† la main, √† 
                             la lecture des fichiers XML
You need to provide a definition with \DeclareInputText 
or \DeclareInputMath before using this key.


! Package inputenc Error: Unicode char \u8:√\expandafter not set up for use wit
h LaTeX.

See the inputenc package documentation for explanation.
Type  H <return>  for immediate help.
 ...                                              
                                                  
l.1147 ...jouter d'autres track pour repr√©senter 
                                                  la position des blasts
Your command was ignored.
Type  I <command> <return>  to replace it with another command,
or  <return>  to continue without it.


! Package inputenc Error: Keyboard character used is undefined
(inputenc)                in inputencoding `utf8'.

See the inputenc package documentation for explanation.
Type  H <return>  for immediate help.
 ...                                              
                                                  
l.1147 ...jouter d'autres track pour repr√©senter 
                                                  la position des blasts
You need to provide a definition with \DeclareInputText 
or \DeclareInputMath before using this key.

[29]

! Package inputenc Error: Unicode char \u8:√\expandafter not set up for use wit
h LaTeX.

See the inputenc package documentation for explanation.
Type  H <return>  for immediate help.
 ...                                              
                                                  
l.1172 ...jouter d'autres track pour repr√©senter 
                                                  la position des blasts
Your command was ignored.
Type  I <command> <return>  to replace it with another command,
or  <return>  to continue without it.


! Package inputenc Error: Keyboard character used is undefined
(inputenc)                in inputencoding `utf8'.

See the inputenc package documentation for explanation.
Type  H <return>  for immediate help.
 ...                                              
                                                  
l.1172 ...jouter d'autres track pour repr√©senter 
                                                  la position des blasts
You need to provide a definition with \DeclareInputText 
or \DeclareInputMath before using this key.


Overfull \hbox (14.141pt too wide) in alignment at lines 1195--1198
 [] [] [] [] 
 []


Underfull \hbox (badness 10000) in paragraph at lines 1201--1201
[]|\OT1/cmr/m/n/8 Homo sa-piens chro-mo-some 6,
 []


Underfull \hbox (badness 4899) in paragraph at lines 1205--1206
\OT1/cmr/m/n/8 late recSARS-CoV HKU-39849,
 []


Underfull \hbox (badness 10000) in paragraph at lines 1208--1208
[]|\OT1/cmr/m/n/8 SARS co-ro-na-vi-rus iso-late
 []


Underfull \hbox (badness 10000) in paragraph at lines 1208--1208
\OT1/cmr/m/n/8 Tor2/FP1-10912, com-plete ge-
 []


Underfull \hbox (badness 10000) in paragraph at lines 1210--1210
[]|\OT1/cmr/m/n/8 SARS co-ro-na-vi-rus iso-late
 []


Underfull \hbox (badness 10000) in paragraph at lines 1210--1210
\OT1/cmr/m/n/8 Tor2/FP1-10851, com-plete ge-
 []


Underfull \hbox (badness 10000) in paragraph at lines 1210--1210
[]|\OT1/cmr/m/n/8 SARS co-ro-na-vi-rus iso-late
 []


Underfull \hbox (badness 10000) in paragraph at lines 1210--1210
\OT1/cmr/m/n/8 Tor2/FP1-10895, com-plete ge-
 []


Underfull \hbox (badness 10000) in paragraph at lines 1212--1212
[]|\OT1/cmr/m/n/8 SARS co-ro-na-vi-rus iso-late
 []


Underfull \hbox (badness 10000) in paragraph at lines 1212--1212
\OT1/cmr/m/n/8 Tor2/FP1-10912, com-plete ge-
 []


Underfull \hbox (badness 10000) in paragraph at lines 1212--1212
[]|\OT1/cmr/m/n/8 SARS co-ro-na-vi-rus iso-late
 []


Underfull \hbox (badness 10000) in paragraph at lines 1212--1212
\OT1/cmr/m/n/8 Tor2/FP1-10851, com-plete ge-
 []


Underfull \hbox (badness 10000) in paragraph at lines 1214--1214
[]|\OT1/cmr/m/n/8 SARS co-ro-na-vi-rus iso-late
 []


Underfull \hbox (badness 10000) in paragraph at lines 1214--1214
\OT1/cmr/m/n/8 Tor2/FP1-10895, com-plete ge-
 []


Underfull \hbox (badness 10000) in paragraph at lines 1216--1216
[]|\OT1/cmr/m/n/8 SARS co-ro-na-vi-rus HKU-39849
 []


Underfull \hbox (badness 4429) in paragraph at lines 1216--1216
\OT1/cmr/m/n/8 iso-late TCVSP-HARROD-00001,
 []


Underfull \hbox (badness 4899) in paragraph at lines 1216--1216
\OT1/cmr/m/n/8 late recSARS-CoV HKU-39849,
 []


Underfull \hbox (badness 10000) in paragraph at lines 1218--1218
[]|\OT1/cmr/m/n/8 SARS co-ro-na-vi-rus HKU-39849
 []


Underfull \hbox (badness 4429) in paragraph at lines 1218--1218
\OT1/cmr/m/n/8 iso-late TCVSP-HARROD-00002,
 []


Underfull \hbox (badness 10000) in paragraph at lines 1218--1218
[]|\OT1/cmr/m/n/8 SARS co-ro-na-vi-rus HKU-39849
 []


Underfull \hbox (badness 4429) in paragraph at lines 1218--1218
\OT1/cmr/m/n/8 iso-late TCVSP-HARROD-00003,
 []


Underfull \hbox (badness 1320) in paragraph at lines 1220--1220
[]|\OT1/cmr/m/n/8 SARS co-ro-na-vi-rus Sin850, com-
 []


Underfull \hbox (badness 2221) in paragraph at lines 1224--1224
[]|\OT1/cmr/m/n/8 SARS co-ro-na-vi-rus MA15, com-
 []


Underfull \hbox (badness 1117) in paragraph at lines 1236--1236
[]|\OT1/cmr/m/n/8 PREDICTED : Ma-caca fas-ci-cu-
 []


Underfull \hbox (badness 10000) in paragraph at lines 1238--1238
[]|\OT1/cmr/m/n/8 Homo sa-piens chro-mo-some 2,
 []


Overfull \hbox (14.141pt too wide) in alignment at lines 1198--1239
 [] [] [] [] 
 []


Underfull \hbox (badness 1178) in paragraph at lines 1246--1246
[]|\OT1/cmr/m/n/8 Mus mus-cu-lus strain C57BL/6J
 []


Underfull \hbox (badness 10000) in paragraph at lines 1246--1246
\OT1/cmr/m/n/8 chro-mo-some 1, GRCm38.p1
 []


Underfull \hbox (badness 10000) in paragraph at lines 1246--1246
[]|\OT1/cmr/m/n/8 Rattus nor-ve-gi-cus strain
 []


Underfull \hbox (badness 7273) in paragraph at lines 1248--1248
\OT1/cmr/m/n/8 Red Jungle fowl, in-bred line
 []


Underfull \hbox (badness 10000) in paragraph at lines 1248--1248
\OT1/cmr/m/n/8 UCD001 chro-mo-some 7, Gal-
 []


Underfull \hbox (badness 10000) in paragraph at lines 1248--1248
\OT1/cmr/m/n/8 lus[]gallus-4.0, whole ge-nome
 []


Overfull \hbox (14.141pt too wide) in alignment at lines 1239--1254
 [] [] [] [] 
 []

[30] [31]
Overfull \hbox (14.141pt too wide) in alignment at lines 1260--1263
 [] [] [] [] 
 []


Overfull \hbox (14.141pt too wide) in alignment at lines 1263--1272
 [] [] [] [] 
 []


Underfull \hbox (badness 10000) in paragraph at lines 1282--1283
[]\OT1/cmr/m/n/9 Triticum aes-ti-vum (ID 11) - Ge-nome - NCBI (2013). Re-trie-v
ed De-cem-ber 17, 2013 from
 []


Underfull \hbox (badness 10000) in paragraph at lines 1287--1289
[]\OT1/cmr/m/n/9 Whole Chro-mo-some Sur-vey Se-quen-cing (2013). Re-trie-ved De
-cem-ber 17, 2013 from
 []

LaTeX Font Info:    External font `cmex10' loaded for size
(Font)              <9> on input line 1296.
Package atveryend Info: Empty hook `BeforeClearDocument' on input line 1308.
[32]
Package atveryend Info: Empty hook `AfterLastShipout' on input line 1308.
 (./intra.aux)
Package atveryend Info: Executing hook `AtVeryEndDocument' on input line 1308.
Package atveryend Info: Executing hook `AtEndAfterFileList' on input line 1308.

Package rerunfilecheck Info: File `intra.out' has not changed.
(rerunfilecheck)             Checksum: 811B29D6F1B9D083625DFA9C7E130CDB;2625.
Package atveryend Info: Empty hook `AtVeryVeryEnd' on input line 1308.
 ) 
Here is how much of TeX's memory you used:
 9123 strings out of 493607
 128375 string characters out of 3149945
 362340 words of memory out of 3500000
 11933 multiletter control sequences out of 15000+200000
 11258 words of font info for 40 fonts, out of 3000000 for 9000
 831 hyphenation exceptions out of 8191
 29i,9n,42p,324b,1935s stack positions out of 5000i,500n,10000p,200000b,50000s
</usr/share/texmf/fonts/type1/public/amsfonts/cm/cmbx10.pfb></usr/share/texmf
/fonts/type1/public/amsfonts/cm/cmbx12.pfb></usr/share/texmf/fonts/type1/public
/amsfonts/cm/cmbx8.pfb></usr/share/texmf/fonts/type1/public/amsfonts/cm/cmcsc10
.pfb></usr/share/texmf/fonts/type1/public/amsfonts/cm/cmmi8.pfb></usr/share/tex
mf/fonts/type1/public/amsfonts/cm/cmr10.pfb></usr/share/texmf/fonts/type1/publi
c/amsfonts/cm/cmr12.pfb></usr/share/texmf/fonts/type1/public/amsfonts/cm/cmr8.p
fb></usr/share/texmf/fonts/type1/public/amsfonts/cm/cmr9.pfb></usr/share/texmf/
fonts/type1/public/amsfonts/cm/cmsy8.pfb></usr/share/texmf/fonts/type1/public/a
msfonts/cm/cmti12.pfb></usr/share/texmf/fonts/type1/public/amsfonts/cm/cmti8.pf
b></usr/share/texmf/fonts/type1/public/amsfonts/cm/cmti9.pfb></usr/share/texmf/
fonts/type1/public/amsfonts/cm/cmtt10.pfb></usr/share/texmf/fonts/type1/public/
amsfonts/cm/cmtt8.pfb></usr/share/texmf/fonts/type1/public/amsfonts/cm/cmtt9.pf
b>
Output written on intra.pdf (34 pages, 368765 bytes).
PDF statistics:
 765 PDF objects out of 1000 (max. 8388607)
 698 compressed objects within 7 object streams
 363 named destinations out of 1000 (max. 500000)
 221 words of extra memory for PDF output out of 10000 (max. 10000000)

