\BOOKMARK [1][-]{section.1}{Introduction}{}% 1
\BOOKMARK [1][-]{section.2}{Produisez une analyse sommaire de ces contigs en pr\351sentant la distribution des tailles et taux de GC}{}% 2
\BOOKMARK [1][-]{section.3}{Identifiez les annotations Genbank de ces contigs et pr\351sentez les dans une table contenant les colonnes: contigs, num\351ros Accession, description, uniref id}{}% 3
\BOOKMARK [1][-]{section.4}{Question 3}{}% 4
\BOOKMARK [2][-]{subsection.4.1}{Identification du vecteur pANNE}{section.4}% 5
\BOOKMARK [1][-]{section.5}{Question 4}{}% 6
\BOOKMARK [2][-]{subsection.5.1}{Alignement multiple}{section.5}% 7
\BOOKMARK [2][-]{subsection.5.2}{Facilit\351 et rapidit\351 des programmes}{section.5}% 8
\BOOKMARK [2][-]{subsection.5.3}{Qualit\351 des alignements}{section.5}% 9
\BOOKMARK [2][-]{subsection.5.4}{Meilleur alignement}{section.5}% 10
\BOOKMARK [1][-]{section.6}{Annexes}{}% 11
\BOOKMARK [2][-]{subsection.6.1}{Tableau de la taille et du taux de GC des contigs}{section.6}% 12
\BOOKMARK [2][-]{subsection.6.2}{Script biopython de calcul des fr\351quences nucl\351otidiques}{section.6}% 13
\BOOKMARK [2][-]{subsection.6.3}{Script biopython Pour choisir 5 contigs au hasard \340 partir du r\351sulat de CAP3, et d'effectuer un blast sur ces contigs}{section.6}% 14
\BOOKMARK [2][-]{subsection.6.4}{Script Biopython pour obtenir les fichiers d'accession des 10 premiers r\351sultats du blast pour un contig donn\351.}{section.6}% 15
\BOOKMARK [2][-]{subsection.6.5}{Log de l'ex\351cution de clustalw2.}{section.6}% 16
\BOOKMARK [2][-]{subsection.6.6}{Log du travail de RepeatMasker sur le fichier foxp4\137ortho.fa.}{section.6}% 17
\BOOKMARK [2][-]{subsection.6.7}{Log de l'ex\351cution de Mavid sur foxp4\137ortho.fa.}{section.6}% 18
\BOOKMARK [2][-]{subsection.6.8}{Script biopython pour identifier la composition du vecteur pANNE}{section.6}% 19
\BOOKMARK [2][-]{subsection.6.9}{Temps d'ex\351cution des alignements multiples}{section.6}% 20
\BOOKMARK [2][-]{subsection.6.10}{Script Biopython pour obtenir les fichiers d'accession des 10 premiers r\351sultats du blast pour un contig donn\351.}{section.6}% 21
\BOOKMARK [2][-]{subsection.6.11}{Fichiers genbank utilis\351s pour ce rapport}{section.6}% 22
\BOOKMARK [2][-]{subsection.6.12}{Fichiers de g\350ne de NCBI utilis\351 pour ce rapport}{section.6}% 23
